mode: set
2025_2_404/cmd/slot/main.go:29.13,32.16 3 0
2025_2_404/cmd/slot/main.go:32.16,34.3 1 0
2025_2_404/cmd/slot/main.go:35.2,39.16 4 0
2025_2_404/cmd/slot/main.go:39.16,41.3 1 0
2025_2_404/cmd/slot/main.go:42.2,42.15 1 0
2025_2_404/cmd/slot/main.go:42.15,44.3 1 0
2025_2_404/cmd/slot/main.go:46.2,46.12 1 0
2025_2_404/cmd/slot/main.go:46.12,49.59 3 0
2025_2_404/cmd/slot/main.go:49.59,51.4 1 0
2025_2_404/cmd/slot/main.go:54.2,56.16 3 0
2025_2_404/cmd/slot/main.go:56.16,58.3 1 0
2025_2_404/cmd/slot/main.go:59.2,59.15 1 0
2025_2_404/cmd/slot/main.go:59.15,61.3 1 0
2025_2_404/cmd/slot/main.go:63.2,73.15 9 0
2025_2_404/cmd/slot/main.go:73.15,75.3 1 0
2025_2_404/cmd/slot/main.go:77.2,78.16 2 0
2025_2_404/cmd/slot/main.go:78.16,80.3 1 0
2025_2_404/cmd/slot/main.go:82.2,89.46 4 0
2025_2_404/cmd/slot/main.go:89.46,91.3 1 0
2025_2_404/cmd/slot/main.go:93.2,93.35 1 0
2025_2_404/cmd/slot/main.go:96.66,105.2 6 0
2025_2_404/cmd/main.go:26.13,31.61 1 0
2025_2_404/cmd/main.go:31.61,32.29 1 0
2025_2_404/cmd/main.go:32.29,34.5 1 0
2025_2_404/cmd/main.go:35.4,35.12 1 0
2025_2_404/cmd/main.go:39.2,42.20 3 0
2025_2_404/cmd/main.go:42.20,44.3 1 0
2025_2_404/cmd/main.go:45.2,46.23 2 0
2025_2_404/cmd/main.go:46.23,48.3 1 0
2025_2_404/cmd/main.go:49.2,50.18 2 0
2025_2_404/cmd/main.go:50.18,52.3 1 0
2025_2_404/cmd/main.go:53.2,54.23 2 0
2025_2_404/cmd/main.go:54.23,56.3 1 0
2025_2_404/cmd/main.go:57.2,58.20 2 0
2025_2_404/cmd/main.go:58.20,60.3 1 0
2025_2_404/cmd/main.go:61.2,62.23 2 0
2025_2_404/cmd/main.go:62.23,64.3 1 0
2025_2_404/cmd/main.go:67.2,70.16 3 0
2025_2_404/cmd/main.go:70.16,72.3 1 0
2025_2_404/cmd/main.go:73.2,73.15 1 0
2025_2_404/cmd/main.go:73.15,75.3 1 0
2025_2_404/cmd/main.go:76.2,79.16 3 0
2025_2_404/cmd/main.go:79.16,81.3 1 0
2025_2_404/cmd/main.go:82.2,82.15 1 0
2025_2_404/cmd/main.go:82.15,84.3 1 0
2025_2_404/cmd/main.go:85.2,88.16 3 0
2025_2_404/cmd/main.go:88.16,90.3 1 0
2025_2_404/cmd/main.go:91.2,91.15 1 0
2025_2_404/cmd/main.go:91.15,93.3 1 0
2025_2_404/cmd/main.go:94.2,97.16 3 0
2025_2_404/cmd/main.go:97.16,99.3 1 0
2025_2_404/cmd/main.go:100.2,100.15 1 0
2025_2_404/cmd/main.go:100.15,102.3 1 0
2025_2_404/cmd/main.go:103.2,106.16 3 0
2025_2_404/cmd/main.go:106.16,108.3 1 0
2025_2_404/cmd/main.go:109.2,109.15 1 0
2025_2_404/cmd/main.go:109.15,111.3 1 0
2025_2_404/cmd/main.go:112.2,175.45 41 0
2025_2_404/cmd/main.go:175.45,177.3 1 0
2025_2_404/cmd/auth/main.go:21.13,23.16 2 0
2025_2_404/cmd/auth/main.go:23.16,24.39 1 0
2025_2_404/cmd/auth/main.go:26.2,26.15 1 0
2025_2_404/cmd/auth/main.go:26.15,28.3 1 0
2025_2_404/cmd/auth/main.go:30.2,34.16 4 0
2025_2_404/cmd/auth/main.go:34.16,36.3 1 0
2025_2_404/cmd/auth/main.go:37.2,39.12 2 0
2025_2_404/cmd/auth/main.go:39.12,42.59 3 0
2025_2_404/cmd/auth/main.go:42.59,44.4 1 0
2025_2_404/cmd/auth/main.go:47.2,57.16 8 0
2025_2_404/cmd/auth/main.go:57.16,59.3 1 0
2025_2_404/cmd/auth/main.go:61.2,62.46 2 0
2025_2_404/cmd/auth/main.go:62.46,64.3 1 0
2025_2_404/cmd/ad/main.go:24.13,26.16 2 0
2025_2_404/cmd/ad/main.go:26.16,27.39 1 0
2025_2_404/cmd/ad/main.go:29.2,29.15 1 0
2025_2_404/cmd/ad/main.go:29.15,31.3 1 0
2025_2_404/cmd/ad/main.go:33.2,37.16 4 0
2025_2_404/cmd/ad/main.go:37.16,39.3 1 0
2025_2_404/cmd/ad/main.go:40.2,42.12 2 0
2025_2_404/cmd/ad/main.go:42.12,45.59 3 0
2025_2_404/cmd/ad/main.go:45.59,47.4 1 0
2025_2_404/cmd/ad/main.go:51.2,53.16 3 0
2025_2_404/cmd/ad/main.go:53.16,55.3 1 0
2025_2_404/cmd/ad/main.go:56.2,56.15 1 0
2025_2_404/cmd/ad/main.go:56.15,58.3 1 0
2025_2_404/cmd/ad/main.go:61.2,72.16 8 0
2025_2_404/cmd/ad/main.go:72.16,74.3 1 0
2025_2_404/cmd/ad/main.go:76.2,84.46 4 0
2025_2_404/cmd/ad/main.go:84.46,86.3 1 0
2025_2_404/cmd/profile/main.go:24.13,28.16 3 0
2025_2_404/cmd/profile/main.go:28.16,30.3 1 0
2025_2_404/cmd/profile/main.go:31.2,36.16 4 0
2025_2_404/cmd/profile/main.go:36.16,38.3 1 0
2025_2_404/cmd/profile/main.go:39.2,39.15 1 0
2025_2_404/cmd/profile/main.go:39.15,41.3 1 0
2025_2_404/cmd/profile/main.go:43.2,43.12 1 0
2025_2_404/cmd/profile/main.go:43.12,46.59 3 0
2025_2_404/cmd/profile/main.go:46.59,48.4 1 0
2025_2_404/cmd/profile/main.go:53.2,65.16 9 0
2025_2_404/cmd/profile/main.go:65.16,67.3 1 0
2025_2_404/cmd/profile/main.go:69.2,70.46 2 0
2025_2_404/cmd/profile/main.go:70.46,72.3 1 0
2025_2_404/cmd/storage/main.go:21.13,24.61 1 0
2025_2_404/cmd/storage/main.go:24.61,25.29 1 0
2025_2_404/cmd/storage/main.go:25.29,27.5 1 0
2025_2_404/cmd/storage/main.go:28.4,28.12 1 0
2025_2_404/cmd/storage/main.go:31.2,33.12 2 0
2025_2_404/cmd/storage/main.go:33.12,36.59 3 0
2025_2_404/cmd/storage/main.go:36.59,38.4 1 0
2025_2_404/cmd/storage/main.go:41.2,50.16 6 0
2025_2_404/cmd/storage/main.go:50.16,53.3 2 0
2025_2_404/cmd/storage/main.go:55.2,61.46 3 0
2025_2_404/cmd/storage/main.go:61.46,64.3 2 0
2025_2_404/internal/delivery/grpc/profile/profile_grpc.go:35.70,39.2 1 0
2025_2_404/internal/delivery/grpc/profile/profile_grpc.go:41.114,43.16 2 0
2025_2_404/internal/delivery/grpc/profile/profile_grpc.go:43.16,45.3 1 0
2025_2_404/internal/delivery/grpc/profile/profile_grpc.go:46.2,59.16 4 0
2025_2_404/internal/delivery/grpc/profile/profile_grpc.go:59.16,61.3 1 0
2025_2_404/internal/delivery/grpc/profile/profile_grpc.go:63.2,71.8 1 0
2025_2_404/internal/delivery/grpc/profile/profile_grpc.go:74.108,76.16 2 0
2025_2_404/internal/delivery/grpc/profile/profile_grpc.go:76.16,78.3 1 0
2025_2_404/internal/delivery/grpc/profile/profile_grpc.go:80.2,81.16 2 0
2025_2_404/internal/delivery/grpc/profile/profile_grpc.go:81.16,83.3 1 0
2025_2_404/internal/delivery/grpc/profile/profile_grpc.go:85.2,94.8 1 0
2025_2_404/internal/delivery/grpc/profile/profile_grpc.go:97.114,99.16 2 0
2025_2_404/internal/delivery/grpc/profile/profile_grpc.go:99.16,101.3 1 0
2025_2_404/internal/delivery/grpc/profile/profile_grpc.go:103.2,104.16 2 0
2025_2_404/internal/delivery/grpc/profile/profile_grpc.go:104.16,106.3 1 0
2025_2_404/internal/delivery/grpc/profile/profile_grpc.go:108.2,108.39 1 0
2025_2_404/internal/delivery/grpc/profile/profile_grpc.go:111.129,113.16 2 0
2025_2_404/internal/delivery/grpc/profile/profile_grpc.go:113.16,115.3 1 0
2025_2_404/internal/delivery/grpc/profile/profile_grpc.go:117.2,118.16 2 0
2025_2_404/internal/delivery/grpc/profile/profile_grpc.go:118.16,120.3 1 0
2025_2_404/internal/delivery/grpc/profile/profile_grpc.go:122.2,124.8 1 0
2025_2_404/internal/delivery/grpc/profile/profile_grpc.go:127.126,130.16 2 0
2025_2_404/internal/delivery/grpc/profile/profile_grpc.go:130.16,132.3 1 0
2025_2_404/internal/delivery/grpc/profile/profile_grpc.go:134.2,135.16 2 0
2025_2_404/internal/delivery/grpc/profile/profile_grpc.go:135.16,137.3 1 0
2025_2_404/internal/delivery/grpc/profile/profile_grpc.go:139.2,139.43 1 0
2025_2_404/internal/delivery/grpc/profile/profile_grpc.go:142.141,144.16 2 0
2025_2_404/internal/delivery/grpc/profile/profile_grpc.go:144.16,146.3 1 0
2025_2_404/internal/delivery/grpc/profile/profile_grpc.go:148.2,149.16 2 0
2025_2_404/internal/delivery/grpc/profile/profile_grpc.go:149.16,151.3 1 0
2025_2_404/internal/delivery/grpc/profile/profile_grpc.go:153.2,153.48 1 0
2025_2_404/internal/delivery/grpc/profile/profile_grpc.go:156.153,158.16 2 0
2025_2_404/internal/delivery/grpc/profile/profile_grpc.go:158.16,160.3 1 0
2025_2_404/internal/delivery/grpc/profile/profile_grpc.go:162.2,163.16 2 0
2025_2_404/internal/delivery/grpc/profile/profile_grpc.go:163.16,165.3 1 0
2025_2_404/internal/delivery/grpc/profile/profile_grpc.go:167.2,168.35 2 0
2025_2_404/internal/delivery/grpc/profile/profile_grpc.go:168.35,178.3 2 0
2025_2_404/internal/delivery/grpc/profile/profile_grpc.go:180.2,182.8 1 0
2025_2_404/internal/delivery/grpc/profile/profile_grpc.go:185.135,187.16 2 0
2025_2_404/internal/delivery/grpc/profile/profile_grpc.go:187.16,189.3 1 0
2025_2_404/internal/delivery/grpc/profile/profile_grpc.go:191.2,198.16 3 0
2025_2_404/internal/delivery/grpc/profile/profile_grpc.go:198.16,200.3 1 0
2025_2_404/internal/delivery/grpc/profile/profile_grpc.go:202.2,204.8 1 0
2025_2_404/internal/delivery/grpc/profile/profile_grpc.go:207.141,215.16 3 0
2025_2_404/internal/delivery/grpc/profile/profile_grpc.go:215.16,222.3 2 0
2025_2_404/internal/delivery/grpc/profile/profile_grpc.go:224.2,230.16 3 0
2025_2_404/internal/delivery/grpc/profile/profile_grpc.go:230.16,237.3 2 0
2025_2_404/internal/delivery/grpc/profile/profile_grpc.go:239.2,243.54 2 0
2025_2_404/internal/delivery/grpc/profile/profile_grpc.go:243.54,248.17 2 0
2025_2_404/internal/delivery/grpc/profile/profile_grpc.go:248.17,254.4 1 0
2025_2_404/internal/delivery/grpc/profile/profile_grpc.go:257.2,263.46 2 0
2025_2_404/internal/delivery/grpc/auth/auth_grpc.go:37.92,43.2 1 0
2025_2_404/internal/delivery/grpc/auth/auth_grpc.go:45.111,47.16 2 0
2025_2_404/internal/delivery/grpc/auth/auth_grpc.go:47.16,50.3 2 0
2025_2_404/internal/delivery/grpc/auth/auth_grpc.go:51.2,51.75 1 0
2025_2_404/internal/delivery/grpc/auth/auth_grpc.go:54.102,56.16 2 0
2025_2_404/internal/delivery/grpc/auth/auth_grpc.go:56.16,59.3 2 0
2025_2_404/internal/delivery/grpc/auth/auth_grpc.go:60.2,60.72 1 0
2025_2_404/internal/delivery/grpc/auth/auth_grpc.go:63.110,65.16 2 0
2025_2_404/internal/delivery/grpc/auth/auth_grpc.go:65.16,68.3 2 0
2025_2_404/internal/delivery/grpc/auth/auth_grpc.go:69.2,69.71 1 0
2025_2_404/internal/delivery/grpc/interceptor/interceptor.go:35.83,36.112 1 0
2025_2_404/internal/delivery/grpc/interceptor/interceptor.go:36.112,37.37 1 0
2025_2_404/internal/delivery/grpc/interceptor/interceptor.go:37.37,39.4 1 0
2025_2_404/internal/delivery/grpc/interceptor/interceptor.go:40.3,41.10 2 0
2025_2_404/internal/delivery/grpc/interceptor/interceptor.go:41.10,43.4 1 0
2025_2_404/internal/delivery/grpc/interceptor/interceptor.go:45.3,46.21 2 0
2025_2_404/internal/delivery/grpc/interceptor/interceptor.go:46.21,48.4 1 0
2025_2_404/internal/delivery/grpc/interceptor/interceptor.go:50.3,51.23 2 0
2025_2_404/internal/delivery/grpc/interceptor/interceptor.go:51.23,53.4 1 0
2025_2_404/internal/delivery/grpc/interceptor/interceptor.go:55.3,59.17 2 0
2025_2_404/internal/delivery/grpc/interceptor/interceptor.go:59.17,61.4 1 0
2025_2_404/internal/delivery/grpc/interceptor/interceptor.go:62.3,65.17 4 0
2025_2_404/internal/delivery/grpc/interceptor/interceptor.go:65.17,67.4 1 0
2025_2_404/internal/delivery/grpc/interceptor/interceptor.go:69.3,72.30 3 0
2025_2_404/internal/delivery/grpc/interceptor/interceptor.go:76.56,78.16 2 0
2025_2_404/internal/delivery/grpc/interceptor/interceptor.go:78.16,80.3 1 0
2025_2_404/internal/delivery/grpc/interceptor/interceptor.go:82.2,83.9 2 0
2025_2_404/internal/delivery/grpc/interceptor/interceptor.go:83.9,85.3 1 0
2025_2_404/internal/delivery/grpc/interceptor/interceptor.go:86.2,86.16 1 0
2025_2_404/internal/delivery/grpc/interceptor/interceptor.go:89.76,91.20 2 0
2025_2_404/internal/delivery/grpc/interceptor/interceptor.go:91.20,93.3 1 0
2025_2_404/internal/delivery/grpc/interceptor/interceptor.go:95.2,96.16 2 0
2025_2_404/internal/delivery/grpc/interceptor/interceptor.go:96.16,98.3 1 0
2025_2_404/internal/delivery/grpc/interceptor/interceptor.go:100.2,101.42 2 0
2025_2_404/internal/delivery/grpc/interceptor/logger.go:17.24,30.16 5 0
2025_2_404/internal/delivery/grpc/interceptor/logger.go:30.16,36.3 1 0
2025_2_404/internal/delivery/grpc/interceptor/logger.go:36.8,41.3 1 0
2025_2_404/internal/delivery/grpc/interceptor/logger.go:43.2,43.18 1 0
2025_2_404/internal/delivery/grpc/ad/server.go:42.86,48.2 1 0
2025_2_404/internal/delivery/grpc/ad/server.go:50.104,52.16 2 0
2025_2_404/internal/delivery/grpc/ad/server.go:52.16,55.3 2 0
2025_2_404/internal/delivery/grpc/ad/server.go:57.2,73.52 4 0
2025_2_404/internal/delivery/grpc/ad/server.go:73.52,76.3 2 0
2025_2_404/internal/delivery/grpc/ad/server.go:78.2,83.36 2 0
2025_2_404/internal/delivery/grpc/ad/server.go:86.113,88.16 2 0
2025_2_404/internal/delivery/grpc/ad/server.go:88.16,91.3 2 0
2025_2_404/internal/delivery/grpc/ad/server.go:93.2,98.16 3 0
2025_2_404/internal/delivery/grpc/ad/server.go:98.16,104.3 2 0
2025_2_404/internal/delivery/grpc/ad/server.go:106.2,107.28 2 0
2025_2_404/internal/delivery/grpc/ad/server.go:107.28,114.3 1 0
2025_2_404/internal/delivery/grpc/ad/server.go:116.2,121.51 2 0
2025_2_404/internal/delivery/grpc/ad/server.go:124.104,126.16 2 0
2025_2_404/internal/delivery/grpc/ad/server.go:126.16,129.3 2 0
2025_2_404/internal/delivery/grpc/ad/server.go:131.2,132.20 2 0
2025_2_404/internal/delivery/grpc/ad/server.go:132.20,135.3 2 0
2025_2_404/internal/delivery/grpc/ad/server.go:136.2,137.16 2 0
2025_2_404/internal/delivery/grpc/ad/server.go:137.16,143.3 2 0
2025_2_404/internal/delivery/grpc/ad/server.go:145.2,162.52 3 0
2025_2_404/internal/delivery/grpc/ad/server.go:162.52,169.3 2 0
2025_2_404/internal/delivery/grpc/ad/server.go:171.2,176.36 2 0
2025_2_404/internal/delivery/grpc/ad/server.go:179.104,181.16 2 0
2025_2_404/internal/delivery/grpc/ad/server.go:181.16,184.3 2 0
2025_2_404/internal/delivery/grpc/ad/server.go:186.2,187.16 2 0
2025_2_404/internal/delivery/grpc/ad/server.go:187.16,192.3 2 0
2025_2_404/internal/delivery/grpc/ad/server.go:193.2,195.78 2 0
2025_2_404/internal/delivery/grpc/ad/server.go:195.78,202.3 2 0
2025_2_404/internal/delivery/grpc/ad/server.go:204.2,209.36 2 0
2025_2_404/internal/delivery/grpc/ad/server.go:212.101,214.16 2 0
2025_2_404/internal/delivery/grpc/ad/server.go:214.16,217.3 2 0
2025_2_404/internal/delivery/grpc/ad/server.go:219.2,220.16 2 0
2025_2_404/internal/delivery/grpc/ad/server.go:220.16,226.3 2 0
2025_2_404/internal/delivery/grpc/ad/server.go:227.2,235.16 4 0
2025_2_404/internal/delivery/grpc/ad/server.go:235.16,242.3 2 0
2025_2_404/internal/delivery/grpc/ad/server.go:244.2,263.41 3 0
2025_2_404/internal/delivery/grpc/ad/server.go:266.130,268.16 2 0
2025_2_404/internal/delivery/grpc/ad/server.go:268.16,274.3 2 0
2025_2_404/internal/delivery/grpc/ad/server.go:276.2,282.16 3 0
2025_2_404/internal/delivery/grpc/ad/server.go:282.16,289.3 2 0
2025_2_404/internal/delivery/grpc/ad/server.go:291.2,299.8 2 0
2025_2_404/internal/delivery/grpc/ad/server.go:302.113,308.16 3 0
2025_2_404/internal/delivery/grpc/ad/server.go:308.16,316.3 2 0
2025_2_404/internal/delivery/grpc/ad/server.go:318.2,331.48 3 0
2025_2_404/internal/delivery/grpc/ad/server.go:334.124,336.16 2 0
2025_2_404/internal/delivery/grpc/ad/server.go:336.16,339.3 2 0
2025_2_404/internal/delivery/grpc/ad/server.go:341.2,342.19 2 0
2025_2_404/internal/delivery/grpc/ad/server.go:342.19,347.3 2 0
2025_2_404/internal/delivery/grpc/ad/server.go:349.2,350.16 2 0
2025_2_404/internal/delivery/grpc/ad/server.go:350.16,356.3 2 0
2025_2_404/internal/delivery/grpc/ad/server.go:358.2,364.95 3 0
2025_2_404/internal/delivery/grpc/ad/server.go:364.95,372.3 2 0
2025_2_404/internal/delivery/grpc/ad/server.go:374.2,382.8 2 0
2025_2_404/internal/delivery/grpc/ad/server.go:385.116,387.16 2 0
2025_2_404/internal/delivery/grpc/ad/server.go:387.16,390.3 2 0
2025_2_404/internal/delivery/grpc/ad/server.go:392.2,397.16 3 0
2025_2_404/internal/delivery/grpc/ad/server.go:397.16,403.3 2 0
2025_2_404/internal/delivery/grpc/ad/server.go:405.2,412.8 2 0
2025_2_404/internal/delivery/grpc/storage/server.go:22.58,26.2 1 0
2025_2_404/internal/delivery/grpc/storage/server.go:28.119,31.16 3 0
2025_2_404/internal/delivery/grpc/storage/server.go:31.16,34.3 2 0
2025_2_404/internal/delivery/grpc/storage/server.go:36.2,37.41 2 0
2025_2_404/internal/delivery/grpc/storage/server.go:40.119,43.16 3 0
2025_2_404/internal/delivery/grpc/storage/server.go:43.16,46.3 2 0
2025_2_404/internal/delivery/grpc/storage/server.go:48.2,51.8 2 0
2025_2_404/internal/delivery/grpc/storage/server.go:54.110,57.16 3 0
2025_2_404/internal/delivery/grpc/storage/server.go:57.16,60.3 2 0
2025_2_404/internal/delivery/grpc/storage/server.go:62.2,66.8 2 0
2025_2_404/internal/delivery/http/middleware/cors.go:6.53,7.71 1 0
2025_2_404/internal/delivery/http/middleware/cors.go:7.71,15.29 3 0
2025_2_404/internal/delivery/http/middleware/cors.go:15.29,18.4 2 0
2025_2_404/internal/delivery/http/middleware/cors.go:19.3,22.28 3 0
2025_2_404/internal/delivery/http/middleware/cors.go:22.28,25.4 2 0
2025_2_404/internal/delivery/http/middleware/cors.go:27.3,27.23 1 0
2025_2_404/internal/delivery/http/middleware/logger.go:24.59,25.21 1 0
2025_2_404/internal/delivery/http/middleware/logger.go:25.21,28.3 2 0
2025_2_404/internal/delivery/http/middleware/logger.go:29.2,29.37 1 0
2025_2_404/internal/delivery/http/middleware/logger.go:32.66,34.21 2 0
2025_2_404/internal/delivery/http/middleware/logger.go:34.21,37.3 2 0
2025_2_404/internal/delivery/http/middleware/logger.go:38.2,39.18 2 0
2025_2_404/internal/delivery/http/middleware/logger.go:42.50,43.21 1 0
2025_2_404/internal/delivery/http/middleware/logger.go:43.21,45.3 1 0
2025_2_404/internal/delivery/http/middleware/logger.go:46.2,46.18 1 0
2025_2_404/internal/delivery/http/middleware/logger.go:49.48,51.2 1 0
2025_2_404/internal/delivery/http/middleware/logger.go:54.58,55.71 1 0
2025_2_404/internal/delivery/http/middleware/logger.go:55.71,60.22 3 0
2025_2_404/internal/delivery/http/middleware/logger.go:60.22,62.4 1 0
2025_2_404/internal/delivery/http/middleware/logger.go:65.3,66.23 2 0
2025_2_404/internal/delivery/http/middleware/logger.go:66.23,68.4 1 0
2025_2_404/internal/delivery/http/middleware/logger.go:71.3,104.10 10 0
2025_2_404/internal/delivery/http/middleware/logger.go:105.27,107.31 2 0
2025_2_404/internal/delivery/http/middleware/logger.go:108.27,110.31 2 0
2025_2_404/internal/delivery/http/middleware/logger.go:111.11,113.18 2 0
2025_2_404/internal/delivery/http/middleware/logger.go:117.3,117.51 1 0
2025_2_404/internal/service/ad/connections/config.go:14.47,16.16 2 0
2025_2_404/internal/service/ad/connections/config.go:16.16,18.3 1 0
2025_2_404/internal/service/ad/connections/config.go:19.2,21.8 1 0
2025_2_404/internal/service/ad/connections/config.go:24.29,26.2 1 0
2025_2_404/internal/service/ad/connections/postgres/postgres.go:14.64,22.16 3 0
2025_2_404/internal/service/ad/connections/postgres/postgres.go:22.16,24.3 1 0
2025_2_404/internal/service/ad/connections/postgres/postgres.go:25.2,26.52 2 0
2025_2_404/internal/service/ad/connections/postgres/postgres.go:26.52,28.14 2 0
2025_2_404/internal/service/ad/connections/postgres/postgres.go:28.14,30.4 1 0
2025_2_404/internal/service/ad/connections/postgres/postgres.go:31.3,31.30 1 0
2025_2_404/internal/service/ad/connections/postgres/postgres.go:33.2,33.16 1 0
2025_2_404/internal/service/ad/connections/postgres/postgres.go:36.32,38.2 1 0
2025_2_404/internal/delivery/grpc/slot/server.go:43.136,51.2 1 0
2025_2_404/internal/delivery/grpc/slot/server.go:53.122,57.16 3 0
2025_2_404/internal/delivery/grpc/slot/server.go:57.16,60.3 2 0
2025_2_404/internal/delivery/grpc/slot/server.go:62.2,76.16 5 0
2025_2_404/internal/delivery/grpc/slot/server.go:76.16,79.3 2 0
2025_2_404/internal/delivery/grpc/slot/server.go:81.2,82.60 2 0
2025_2_404/internal/delivery/grpc/slot/server.go:85.113,90.16 4 0
2025_2_404/internal/delivery/grpc/slot/server.go:90.16,93.3 2 0
2025_2_404/internal/delivery/grpc/slot/server.go:95.2,99.16 2 0
2025_2_404/internal/delivery/grpc/slot/server.go:99.16,102.3 2 0
2025_2_404/internal/delivery/grpc/slot/server.go:104.2,127.18 4 0
2025_2_404/internal/delivery/grpc/slot/server.go:130.119,132.16 2 0
2025_2_404/internal/delivery/grpc/slot/server.go:132.16,134.3 1 0
2025_2_404/internal/delivery/grpc/slot/server.go:136.2,137.16 2 0
2025_2_404/internal/delivery/grpc/slot/server.go:137.16,139.3 1 0
2025_2_404/internal/delivery/grpc/slot/server.go:141.2,142.26 2 0
2025_2_404/internal/delivery/grpc/slot/server.go:142.26,153.3 1 0
2025_2_404/internal/delivery/grpc/slot/server.go:155.2,155.57 1 0
2025_2_404/internal/delivery/grpc/slot/server.go:158.122,160.16 2 0
2025_2_404/internal/delivery/grpc/slot/server.go:160.16,162.3 1 0
2025_2_404/internal/delivery/grpc/slot/server.go:164.2,176.62 3 0
2025_2_404/internal/delivery/grpc/slot/server.go:176.62,178.3 1 0
2025_2_404/internal/delivery/grpc/slot/server.go:180.2,180.42 1 0
2025_2_404/internal/delivery/grpc/slot/server.go:183.122,185.16 2 0
2025_2_404/internal/delivery/grpc/slot/server.go:185.16,187.3 1 0
2025_2_404/internal/delivery/grpc/slot/server.go:189.2,191.93 2 0
2025_2_404/internal/delivery/grpc/slot/server.go:191.93,193.3 1 0
2025_2_404/internal/delivery/grpc/slot/server.go:195.2,195.42 1 0
2025_2_404/internal/delivery/grpc/slot/server.go:198.128,202.16 3 0
2025_2_404/internal/delivery/grpc/slot/server.go:202.16,205.3 2 0
2025_2_404/internal/delivery/grpc/slot/server.go:207.2,208.16 2 0
2025_2_404/internal/delivery/grpc/slot/server.go:208.16,211.3 2 0
2025_2_404/internal/delivery/grpc/slot/server.go:214.2,220.16 4 0
2025_2_404/internal/delivery/grpc/slot/server.go:220.16,223.3 2 0
2025_2_404/internal/delivery/grpc/slot/server.go:225.2,226.16 2 0
2025_2_404/internal/delivery/grpc/slot/server.go:226.16,229.3 2 0
2025_2_404/internal/delivery/grpc/slot/server.go:231.2,239.16 4 0
2025_2_404/internal/delivery/grpc/slot/server.go:239.16,242.3 2 0
2025_2_404/internal/delivery/grpc/slot/server.go:244.2,249.16 2 0
2025_2_404/internal/delivery/grpc/slot/server.go:249.16,251.3 1 0
2025_2_404/internal/delivery/grpc/slot/server.go:253.2,254.44 2 0
2025_2_404/internal/delivery/grpc/slot/server.go:257.122,261.16 3 0
2025_2_404/internal/delivery/grpc/slot/server.go:261.16,264.3 2 0
2025_2_404/internal/delivery/grpc/slot/server.go:266.2,267.16 2 0
2025_2_404/internal/delivery/grpc/slot/server.go:267.16,270.3 2 0
2025_2_404/internal/delivery/grpc/slot/server.go:272.2,274.33 2 0
2025_2_404/internal/delivery/grpc/slot/server.go:274.33,281.3 1 0
2025_2_404/internal/delivery/grpc/slot/server.go:283.2,288.8 1 0
2025_2_404/internal/service/ad/config/config.go:31.26,33.16 2 0
2025_2_404/internal/service/ad/config/config.go:33.16,34.35 1 0
2025_2_404/internal/service/ad/config/config.go:37.2,42.3 2 0
2025_2_404/internal/service/ad/config/config.go:45.42,53.2 1 0
2025_2_404/internal/service/ad/config/config.go:55.32,63.2 1 0
2025_2_404/internal/service/ad/repository/postgres/ad/ad.go:56.47,61.2 1 0
2025_2_404/internal/service/ad/repository/postgres/ad/ad.go:63.103,65.16 2 0
2025_2_404/internal/service/ad/repository/postgres/ad/ad.go:65.16,68.29 3 0
2025_2_404/internal/service/ad/repository/postgres/ad/ad.go:68.29,69.22 1 0
2025_2_404/internal/service/ad/repository/postgres/ad/ad.go:70.17,71.41 1 0
2025_2_404/internal/service/ad/repository/postgres/ad/ad.go:72.17,73.41 1 0
2025_2_404/internal/service/ad/repository/postgres/ad/ad.go:76.3,76.39 1 0
2025_2_404/internal/service/ad/repository/postgres/ad/ad.go:78.2,78.15 1 0
2025_2_404/internal/service/ad/repository/postgres/ad/ad.go:78.15,80.3 1 0
2025_2_404/internal/service/ad/repository/postgres/ad/ad.go:82.2,83.18 2 0
2025_2_404/internal/service/ad/repository/postgres/ad/ad.go:83.18,87.89 3 0
2025_2_404/internal/service/ad/repository/postgres/ad/ad.go:87.89,90.4 2 0
2025_2_404/internal/service/ad/repository/postgres/ad/ad.go:91.3,91.21 1 0
2025_2_404/internal/service/ad/repository/postgres/ad/ad.go:91.21,93.4 1 0
2025_2_404/internal/service/ad/repository/postgres/ad/ad.go:94.3,94.28 1 0
2025_2_404/internal/service/ad/repository/postgres/ad/ad.go:97.2,97.34 1 0
2025_2_404/internal/service/ad/repository/postgres/ad/ad.go:97.34,100.3 2 0
2025_2_404/internal/service/ad/repository/postgres/ad/ad.go:102.2,102.17 1 0
2025_2_404/internal/service/ad/repository/postgres/ad/ad.go:105.116,120.16 3 0
2025_2_404/internal/service/ad/repository/postgres/ad/ad.go:120.16,122.36 2 0
2025_2_404/internal/service/ad/repository/postgres/ad/ad.go:122.36,124.4 1 0
2025_2_404/internal/service/ad/repository/postgres/ad/ad.go:125.3,125.60 1 0
2025_2_404/internal/service/ad/repository/postgres/ad/ad.go:127.2,128.20 2 0
2025_2_404/internal/service/ad/repository/postgres/ad/ad.go:131.88,133.16 2 0
2025_2_404/internal/service/ad/repository/postgres/ad/ad.go:133.16,136.29 3 0
2025_2_404/internal/service/ad/repository/postgres/ad/ad.go:136.29,137.22 1 0
2025_2_404/internal/service/ad/repository/postgres/ad/ad.go:138.17,139.47 1 0
2025_2_404/internal/service/ad/repository/postgres/ad/ad.go:142.3,142.34 1 0
2025_2_404/internal/service/ad/repository/postgres/ad/ad.go:145.2,146.16 2 0
2025_2_404/internal/service/ad/repository/postgres/ad/ad.go:146.16,149.3 2 0
2025_2_404/internal/service/ad/repository/postgres/ad/ad.go:150.2,150.23 1 0
2025_2_404/internal/service/ad/repository/postgres/ad/ad.go:150.23,152.3 1 0
2025_2_404/internal/service/ad/repository/postgres/ad/ad.go:153.2,153.12 1 0
2025_2_404/internal/service/ad/repository/postgres/ad/ad.go:156.64,159.16 3 0
2025_2_404/internal/service/ad/repository/postgres/ad/ad.go:159.16,162.29 3 0
2025_2_404/internal/service/ad/repository/postgres/ad/ad.go:162.29,163.22 1 0
2025_2_404/internal/service/ad/repository/postgres/ad/ad.go:164.17,165.47 1 0
2025_2_404/internal/service/ad/repository/postgres/ad/ad.go:166.17,167.40 1 0
2025_2_404/internal/service/ad/repository/postgres/ad/ad.go:170.3,170.34 1 0
2025_2_404/internal/service/ad/repository/postgres/ad/ad.go:173.2,173.25 1 0
2025_2_404/internal/service/ad/repository/postgres/ad/ad.go:173.25,175.3 1 0
2025_2_404/internal/service/ad/repository/postgres/ad/ad.go:176.2,176.23 1 0
2025_2_404/internal/service/ad/repository/postgres/ad/ad.go:176.23,178.3 1 0
2025_2_404/internal/service/ad/repository/postgres/ad/ad.go:180.2,181.16 2 0
2025_2_404/internal/service/ad/repository/postgres/ad/ad.go:181.16,187.29 3 0
2025_2_404/internal/service/ad/repository/postgres/ad/ad.go:187.29,188.22 1 0
2025_2_404/internal/service/ad/repository/postgres/ad/ad.go:189.17,190.36 1 0
2025_2_404/internal/service/ad/repository/postgres/ad/ad.go:191.17,192.40 1 0
2025_2_404/internal/service/ad/repository/postgres/ad/ad.go:195.3,196.34 2 0
2025_2_404/internal/service/ad/repository/postgres/ad/ad.go:198.2,203.12 2 0
2025_2_404/internal/service/ad/repository/postgres/ad/ad.go:206.64,208.16 2 0
2025_2_404/internal/service/ad/repository/postgres/ad/ad.go:208.16,211.3 2 0
2025_2_404/internal/service/ad/repository/postgres/ad/ad.go:212.2,212.15 1 0
2025_2_404/internal/service/ad/repository/postgres/ad/ad.go:212.15,214.3 1 0
2025_2_404/internal/service/ad/repository/postgres/ad/ad.go:216.2,216.24 1 0
2025_2_404/internal/service/ad/repository/postgres/ad/ad.go:216.24,217.100 1 0
2025_2_404/internal/service/ad/repository/postgres/ad/ad.go:217.100,219.37 2 0
2025_2_404/internal/service/ad/repository/postgres/ad/ad.go:219.37,221.5 1 0
2025_2_404/internal/service/ad/repository/postgres/ad/ad.go:222.4,222.35 1 0
2025_2_404/internal/service/ad/repository/postgres/ad/ad.go:226.2,227.16 2 0
2025_2_404/internal/service/ad/repository/postgres/ad/ad.go:227.16,230.29 3 0
2025_2_404/internal/service/ad/repository/postgres/ad/ad.go:230.29,231.22 1 0
2025_2_404/internal/service/ad/repository/postgres/ad/ad.go:232.17,233.40 1 0
2025_2_404/internal/service/ad/repository/postgres/ad/ad.go:236.3,236.34 1 0
2025_2_404/internal/service/ad/repository/postgres/ad/ad.go:239.2,240.16 2 0
2025_2_404/internal/service/ad/repository/postgres/ad/ad.go:240.16,243.3 2 0
2025_2_404/internal/service/ad/repository/postgres/ad/ad.go:244.2,244.23 1 0
2025_2_404/internal/service/ad/repository/postgres/ad/ad.go:244.23,246.3 1 0
2025_2_404/internal/service/ad/repository/postgres/ad/ad.go:248.2,249.16 2 0
2025_2_404/internal/service/ad/repository/postgres/ad/ad.go:249.16,252.29 3 0
2025_2_404/internal/service/ad/repository/postgres/ad/ad.go:252.29,253.22 1 0
2025_2_404/internal/service/ad/repository/postgres/ad/ad.go:254.17,255.40 1 0
2025_2_404/internal/service/ad/repository/postgres/ad/ad.go:258.3,258.34 1 0
2025_2_404/internal/service/ad/repository/postgres/ad/ad.go:261.2,261.36 1 0
2025_2_404/internal/service/ad/repository/postgres/ad/ad.go:261.36,264.3 2 0
2025_2_404/internal/service/ad/repository/postgres/ad/ad.go:265.2,269.12 2 0
2025_2_404/internal/service/ad/repository/postgres/ad/ad.go:272.122,274.16 2 0
2025_2_404/internal/service/ad/repository/postgres/ad/ad.go:274.16,277.3 2 0
2025_2_404/internal/service/ad/repository/postgres/ad/ad.go:278.2,278.15 1 0
2025_2_404/internal/service/ad/repository/postgres/ad/ad.go:278.15,280.3 1 0
2025_2_404/internal/service/ad/repository/postgres/ad/ad.go:282.2,284.16 3 0
2025_2_404/internal/service/ad/repository/postgres/ad/ad.go:284.16,286.36 2 0
2025_2_404/internal/service/ad/repository/postgres/ad/ad.go:286.36,288.4 1 0
2025_2_404/internal/service/ad/repository/postgres/ad/ad.go:289.3,289.58 1 0
2025_2_404/internal/service/ad/repository/postgres/ad/ad.go:292.2,293.16 2 0
2025_2_404/internal/service/ad/repository/postgres/ad/ad.go:293.16,296.3 2 0
2025_2_404/internal/service/ad/repository/postgres/ad/ad.go:298.2,298.36 1 0
2025_2_404/internal/service/ad/repository/postgres/ad/ad.go:298.36,301.3 2 0
2025_2_404/internal/service/ad/repository/postgres/ad/ad.go:303.2,303.22 1 0
2025_2_404/internal/service/ad/repository/postgres/ad/ad.go:306.82,315.16 3 0
2025_2_404/internal/service/ad/repository/postgres/ad/ad.go:315.16,317.36 2 0
2025_2_404/internal/service/ad/repository/postgres/ad/ad.go:317.36,319.4 1 0
2025_2_404/internal/service/ad/repository/postgres/ad/ad.go:320.3,320.49 1 0
2025_2_404/internal/service/ad/repository/postgres/ad/ad.go:322.2,322.20 1 0
2025_2_404/internal/service/ad/repository/postgres/ad/ad.go:325.84,327.94 2 0
2025_2_404/internal/service/ad/repository/postgres/ad/ad.go:327.94,330.3 2 0
2025_2_404/internal/service/ad/repository/postgres/ad/ad.go:331.2,331.19 1 0
2025_2_404/internal/service/ad/domain/user/model.go:33.63,34.45 1 0
2025_2_404/internal/service/ad/domain/user/model.go:34.45,36.3 1 0
2025_2_404/internal/service/ad/domain/user/model.go:38.2,38.43 1 0
2025_2_404/internal/service/ad/domain/user/model.go:38.43,40.3 1 0
2025_2_404/internal/service/ad/domain/user/model.go:42.2,42.84 1 0
2025_2_404/internal/service/ad/domain/user/model.go:42.84,44.3 1 0
2025_2_404/internal/service/ad/domain/user/model.go:46.2,46.38 1 0
2025_2_404/internal/service/ad/domain/user/model.go:46.38,48.3 1 0
2025_2_404/internal/service/ad/domain/user/model.go:50.2,50.23 1 0
2025_2_404/internal/service/ad/domain/user/model.go:50.23,52.3 1 0
2025_2_404/internal/service/ad/domain/user/model.go:54.2,54.45 1 0
2025_2_404/internal/service/ad/domain/user/model.go:54.45,56.3 1 0
2025_2_404/internal/service/ad/domain/user/model.go:58.2,58.44 1 0
2025_2_404/internal/service/ad/domain/user/model.go:58.44,60.3 1 0
2025_2_404/internal/service/ad/domain/user/model.go:62.2,62.43 1 0
2025_2_404/internal/service/ad/domain/user/model.go:62.43,64.3 1 0
2025_2_404/internal/service/ad/domain/user/model.go:66.2,66.43 1 0
2025_2_404/internal/service/ad/domain/user/model.go:66.43,68.3 1 0
2025_2_404/internal/service/ad/domain/user/model.go:70.2,70.45 1 0
2025_2_404/internal/service/ad/domain/user/model.go:70.45,72.3 1 0
2025_2_404/internal/service/ad/domain/user/model.go:74.2,75.16 2 0
2025_2_404/internal/service/ad/domain/user/model.go:75.16,77.3 1 0
2025_2_404/internal/service/ad/domain/user/model.go:79.2,83.8 1 0
2025_2_404/internal/service/ad/repository/postgres/budget/budget.go:27.47,32.2 1 0
2025_2_404/internal/service/ad/repository/postgres/budget/budget.go:34.112,41.16 3 0
2025_2_404/internal/service/ad/repository/postgres/budget/budget.go:41.16,49.29 3 0
2025_2_404/internal/service/ad/repository/postgres/budget/budget.go:49.29,50.22 1 0
2025_2_404/internal/service/ad/repository/postgres/budget/budget.go:51.17,52.40 1 0
2025_2_404/internal/service/ad/repository/postgres/budget/budget.go:53.17,54.38 1 0
2025_2_404/internal/service/ad/repository/postgres/budget/budget.go:57.3,57.34 1 0
2025_2_404/internal/service/ad/repository/postgres/budget/budget.go:60.2,61.16 2 0
2025_2_404/internal/service/ad/repository/postgres/budget/budget.go:61.16,68.3 2 0
2025_2_404/internal/service/ad/repository/postgres/budget/budget.go:70.2,70.23 1 0
2025_2_404/internal/service/ad/repository/postgres/budget/budget.go:70.23,76.3 2 0
2025_2_404/internal/service/ad/repository/postgres/budget/budget.go:78.2,85.12 2 0
2025_2_404/internal/delivery/http/ad.go:32.134,34.2 1 0
2025_2_404/internal/delivery/http/ad.go:36.68,37.46 1 0
2025_2_404/internal/delivery/http/ad.go:37.46,40.3 2 0
2025_2_404/internal/delivery/http/ad.go:42.2,47.72 5 0
2025_2_404/internal/delivery/http/ad.go:47.72,50.3 2 0
2025_2_404/internal/delivery/http/ad.go:52.2,53.16 2 0
2025_2_404/internal/delivery/http/ad.go:53.16,56.3 2 0
2025_2_404/internal/delivery/http/ad.go:58.2,59.16 2 0
2025_2_404/internal/delivery/http/ad.go:59.16,62.3 2 0
2025_2_404/internal/delivery/http/ad.go:64.2,67.55 3 0
2025_2_404/internal/delivery/http/ad.go:67.55,69.3 1 0
2025_2_404/internal/delivery/http/ad.go:71.2,81.24 2 0
2025_2_404/internal/delivery/http/ad.go:81.24,89.17 4 0
2025_2_404/internal/delivery/http/ad.go:89.17,91.4 1 0
2025_2_404/internal/delivery/http/ad.go:91.9,93.4 1 0
2025_2_404/internal/delivery/http/ad.go:96.2,97.16 2 0
2025_2_404/internal/delivery/http/ad.go:97.16,101.3 3 0
2025_2_404/internal/delivery/http/ad.go:103.2,103.74 1 0
2025_2_404/internal/delivery/http/ad.go:106.68,109.55 3 0
2025_2_404/internal/delivery/http/ad.go:109.55,111.3 1 0
2025_2_404/internal/delivery/http/ad.go:113.2,114.16 2 0
2025_2_404/internal/delivery/http/ad.go:114.16,118.3 3 0
2025_2_404/internal/delivery/http/ad.go:120.2,120.76 1 0
2025_2_404/internal/delivery/http/ad.go:123.68,129.55 5 0
2025_2_404/internal/delivery/http/ad.go:129.55,131.3 1 0
2025_2_404/internal/delivery/http/ad.go:133.2,134.16 2 0
2025_2_404/internal/delivery/http/ad.go:134.16,137.34 3 0
2025_2_404/internal/delivery/http/ad.go:137.34,139.4 1 0
2025_2_404/internal/delivery/http/ad.go:139.9,141.4 1 0
2025_2_404/internal/delivery/http/ad.go:142.3,142.9 1 0
2025_2_404/internal/delivery/http/ad.go:145.2,146.16 2 0
2025_2_404/internal/delivery/http/ad.go:146.16,148.3 1 0
2025_2_404/internal/delivery/http/ad.go:150.2,151.16 2 0
2025_2_404/internal/delivery/http/ad.go:151.16,153.3 1 0
2025_2_404/internal/delivery/http/ad.go:155.2,156.16 2 0
2025_2_404/internal/delivery/http/ad.go:156.16,158.3 1 0
2025_2_404/internal/delivery/http/ad.go:160.2,176.19 4 0
2025_2_404/internal/delivery/http/ad.go:176.19,180.17 2 0
2025_2_404/internal/delivery/http/ad.go:180.17,182.4 1 0
2025_2_404/internal/delivery/http/ad.go:185.2,188.4 1 0
2025_2_404/internal/delivery/http/ad.go:191.68,198.55 5 0
2025_2_404/internal/delivery/http/ad.go:198.55,200.3 1 0
2025_2_404/internal/delivery/http/ad.go:201.2,201.46 1 0
2025_2_404/internal/delivery/http/ad.go:201.46,204.3 2 0
2025_2_404/internal/delivery/http/ad.go:206.2,211.71 5 0
2025_2_404/internal/delivery/http/ad.go:211.71,214.3 2 0
2025_2_404/internal/delivery/http/ad.go:216.2,220.32 4 0
2025_2_404/internal/delivery/http/ad.go:220.32,222.17 2 0
2025_2_404/internal/delivery/http/ad.go:222.17,225.4 2 0
2025_2_404/internal/delivery/http/ad.go:229.2,229.24 1 0
2025_2_404/internal/delivery/http/ad.go:229.24,237.17 4 0
2025_2_404/internal/delivery/http/ad.go:237.17,239.4 1 0
2025_2_404/internal/delivery/http/ad.go:239.9,241.4 1 0
2025_2_404/internal/delivery/http/ad.go:245.2,257.16 3 0
2025_2_404/internal/delivery/http/ad.go:257.16,261.3 3 0
2025_2_404/internal/delivery/http/ad.go:263.2,263.75 1 0
2025_2_404/internal/delivery/http/ad.go:266.68,272.55 5 0
2025_2_404/internal/delivery/http/ad.go:272.55,274.3 1 0
2025_2_404/internal/delivery/http/ad.go:276.2,277.16 2 0
2025_2_404/internal/delivery/http/ad.go:277.16,281.3 3 0
2025_2_404/internal/delivery/http/ad.go:283.2,283.37 1 0
2025_2_404/internal/delivery/http/ad.go:286.74,289.14 3 0
2025_2_404/internal/delivery/http/ad.go:289.14,292.3 2 0
2025_2_404/internal/delivery/http/ad.go:294.2,295.21 2 0
2025_2_404/internal/delivery/http/ad.go:295.21,298.3 2 0
2025_2_404/internal/delivery/http/ad.go:300.2,301.16 2 0
2025_2_404/internal/delivery/http/ad.go:301.16,304.3 2 0
2025_2_404/internal/delivery/http/ad.go:306.2,309.55 3 0
2025_2_404/internal/delivery/http/ad.go:309.55,311.3 1 0
2025_2_404/internal/delivery/http/ad.go:313.2,316.16 2 0
2025_2_404/internal/delivery/http/ad.go:316.16,320.3 3 0
2025_2_404/internal/delivery/http/ad.go:322.2,328.16 3 0
2025_2_404/internal/delivery/http/ad.go:328.16,332.3 3 0
2025_2_404/internal/delivery/http/ad.go:334.2,334.73 1 0
2025_2_404/internal/delivery/http/auth.go:21.60,23.2 1 0
2025_2_404/internal/delivery/http/auth.go:40.62,43.77 3 0
2025_2_404/internal/delivery/http/auth.go:43.77,45.3 1 0
2025_2_404/internal/delivery/http/auth.go:48.72,50.61 2 0
2025_2_404/internal/delivery/http/auth.go:50.61,53.3 2 0
2025_2_404/internal/delivery/http/auth.go:55.2,63.16 4 0
2025_2_404/internal/delivery/http/auth.go:63.16,69.3 5 0
2025_2_404/internal/delivery/http/auth.go:71.2,73.56 3 0
2025_2_404/internal/delivery/http/auth.go:73.56,75.3 1 0
2025_2_404/internal/delivery/http/auth.go:78.69,80.61 2 0
2025_2_404/internal/delivery/http/auth.go:80.61,83.3 2 0
2025_2_404/internal/delivery/http/auth.go:85.2,92.16 4 0
2025_2_404/internal/delivery/http/auth.go:92.16,98.3 5 0
2025_2_404/internal/delivery/http/auth.go:100.2,101.56 2 0
2025_2_404/internal/delivery/http/auth.go:101.56,103.3 1 0
2025_2_404/internal/delivery/http/profile.go:33.139,35.2 1 0
2025_2_404/internal/delivery/http/profile.go:37.71,44.55 5 0
2025_2_404/internal/delivery/http/profile.go:44.55,46.3 1 0
2025_2_404/internal/delivery/http/profile.go:48.2,49.16 2 0
2025_2_404/internal/delivery/http/profile.go:49.16,54.3 4 0
2025_2_404/internal/delivery/http/profile.go:56.2,58.19 3 0
2025_2_404/internal/delivery/http/profile.go:58.19,60.17 2 0
2025_2_404/internal/delivery/http/profile.go:60.17,62.4 1 0
2025_2_404/internal/delivery/http/profile.go:65.2,68.16 3 0
2025_2_404/internal/delivery/http/profile.go:68.16,71.3 2 0
2025_2_404/internal/delivery/http/profile.go:71.8,73.3 1 0
2025_2_404/internal/delivery/http/profile.go:75.2,87.4 2 0
2025_2_404/internal/delivery/http/profile.go:90.48,93.2 2 0
2025_2_404/internal/delivery/http/profile.go:95.73,99.46 3 0
2025_2_404/internal/delivery/http/profile.go:99.46,103.3 3 0
2025_2_404/internal/delivery/http/profile.go:105.2,108.55 3 0
2025_2_404/internal/delivery/http/profile.go:108.55,110.3 1 0
2025_2_404/internal/delivery/http/profile.go:111.2,122.16 10 0
2025_2_404/internal/delivery/http/profile.go:122.16,126.3 3 0
2025_2_404/internal/delivery/http/profile.go:128.2,128.24 1 0
2025_2_404/internal/delivery/http/profile.go:128.24,137.17 4 0
2025_2_404/internal/delivery/http/profile.go:137.17,139.4 1 0
2025_2_404/internal/delivery/http/profile.go:139.9,142.4 2 0
2025_2_404/internal/delivery/http/profile.go:145.2,158.16 3 0
2025_2_404/internal/delivery/http/profile.go:158.16,163.3 4 0
2025_2_404/internal/delivery/http/profile.go:165.2,166.74 2 0
2025_2_404/internal/delivery/http/profile.go:169.73,176.55 5 0
2025_2_404/internal/delivery/http/profile.go:176.55,178.3 1 0
2025_2_404/internal/delivery/http/profile.go:180.2,181.16 2 0
2025_2_404/internal/delivery/http/profile.go:181.16,186.3 4 0
2025_2_404/internal/delivery/http/profile.go:188.2,189.37 2 0
2025_2_404/internal/delivery/http/profile.go:191.78,198.55 5 0
2025_2_404/internal/delivery/http/profile.go:198.55,200.3 1 0
2025_2_404/internal/delivery/http/profile.go:202.2,203.16 2 0
2025_2_404/internal/delivery/http/profile.go:203.16,208.3 4 0
2025_2_404/internal/delivery/http/profile.go:210.2,211.16 2 0
2025_2_404/internal/delivery/http/profile.go:211.16,216.3 4 0
2025_2_404/internal/delivery/http/profile.go:218.2,220.49 2 0
2025_2_404/internal/delivery/http/profile.go:220.49,222.17 2 0
2025_2_404/internal/delivery/http/profile.go:222.17,226.4 3 0
2025_2_404/internal/delivery/http/profile.go:227.3,235.54 2 0
2025_2_404/internal/delivery/http/profile.go:238.2,242.4 2 0
2025_2_404/internal/delivery/http/profile.go:245.77,252.55 5 0
2025_2_404/internal/delivery/http/profile.go:252.55,254.3 1 0
2025_2_404/internal/delivery/http/profile.go:256.2,257.65 2 0
2025_2_404/internal/delivery/http/profile.go:257.65,261.3 3 0
2025_2_404/internal/delivery/http/profile.go:263.2,268.16 3 0
2025_2_404/internal/delivery/http/profile.go:268.16,273.3 4 0
2025_2_404/internal/delivery/http/profile.go:275.2,276.72 2 0
2025_2_404/internal/delivery/http/profile.go:279.82,286.55 5 0
2025_2_404/internal/delivery/http/profile.go:286.55,288.3 1 0
2025_2_404/internal/delivery/http/profile.go:290.2,291.65 2 0
2025_2_404/internal/delivery/http/profile.go:291.65,295.3 3 0
2025_2_404/internal/delivery/http/profile.go:297.2,302.16 3 0
2025_2_404/internal/delivery/http/profile.go:302.16,307.3 4 0
2025_2_404/internal/delivery/http/profile.go:309.2,310.77 2 0
2025_2_404/internal/delivery/http/profile.go:313.80,320.55 5 0
2025_2_404/internal/delivery/http/profile.go:320.55,322.3 1 0
2025_2_404/internal/delivery/http/profile.go:324.2,325.65 2 0
2025_2_404/internal/delivery/http/profile.go:325.65,328.3 2 0
2025_2_404/internal/delivery/http/profile.go:330.2,330.32 1 0
2025_2_404/internal/delivery/http/profile.go:330.32,333.3 2 0
2025_2_404/internal/delivery/http/profile.go:335.2,341.16 3 0
2025_2_404/internal/delivery/http/profile.go:341.16,346.3 4 0
2025_2_404/internal/delivery/http/profile.go:348.2,349.74 2 0
2025_2_404/internal/delivery/http/profile.go:391.88,393.14 2 0
2025_2_404/internal/delivery/http/profile.go:393.14,395.3 1 0
2025_2_404/internal/delivery/http/profile.go:398.2,401.70 3 0
2025_2_404/internal/delivery/http/profile.go:401.70,405.3 3 0
2025_2_404/internal/delivery/http/profile.go:407.2,418.37 5 0
2025_2_404/internal/delivery/http/profile.go:418.37,422.3 3 0
2025_2_404/internal/delivery/http/profile.go:424.2,432.16 4 0
2025_2_404/internal/delivery/http/profile.go:432.16,440.3 3 0
2025_2_404/internal/delivery/http/profile.go:442.2,443.30 2 0
2025_2_404/internal/delivery/http/slot.go:33.131,41.2 2 0
2025_2_404/internal/delivery/http/slot.go:43.73,49.18 4 0
2025_2_404/internal/delivery/http/slot.go:49.18,53.3 3 0
2025_2_404/internal/delivery/http/slot.go:55.2,60.16 5 0
2025_2_404/internal/delivery/http/slot.go:60.16,63.21 3 0
2025_2_404/internal/delivery/http/slot.go:63.21,65.4 1 0
2025_2_404/internal/delivery/http/slot.go:65.9,67.4 1 0
2025_2_404/internal/delivery/http/slot.go:68.3,68.9 1 0
2025_2_404/internal/delivery/http/slot.go:71.2,73.16 3 0
2025_2_404/internal/delivery/http/slot.go:73.16,77.3 3 0
2025_2_404/internal/delivery/http/slot.go:79.2,79.33 1 0
2025_2_404/internal/delivery/http/slot.go:79.33,81.3 1 0
2025_2_404/internal/delivery/http/slot.go:83.2,84.33 2 0
2025_2_404/internal/delivery/http/slot.go:84.33,88.21 3 0
2025_2_404/internal/delivery/http/slot.go:88.21,92.4 3 0
2025_2_404/internal/delivery/http/slot.go:95.2,111.48 6 0
2025_2_404/internal/delivery/http/slot.go:111.48,114.3 2 0
2025_2_404/internal/delivery/http/slot.go:126.70,129.61 3 0
2025_2_404/internal/delivery/http/slot.go:129.61,133.3 3 0
2025_2_404/internal/delivery/http/slot.go:135.2,137.55 3 0
2025_2_404/internal/delivery/http/slot.go:137.55,139.3 1 0
2025_2_404/internal/delivery/http/slot.go:141.2,153.16 3 0
2025_2_404/internal/delivery/http/slot.go:153.16,158.3 4 0
2025_2_404/internal/delivery/http/slot.go:160.2,161.104 2 0
2025_2_404/internal/delivery/http/slot.go:164.70,168.55 4 0
2025_2_404/internal/delivery/http/slot.go:168.55,170.3 1 0
2025_2_404/internal/delivery/http/slot.go:172.2,173.16 2 0
2025_2_404/internal/delivery/http/slot.go:173.16,178.3 4 0
2025_2_404/internal/delivery/http/slot.go:180.2,181.80 2 0
2025_2_404/internal/delivery/http/slot.go:184.70,188.42 3 0
2025_2_404/internal/delivery/http/slot.go:188.42,192.3 3 0
2025_2_404/internal/delivery/http/slot.go:194.2,197.55 4 0
2025_2_404/internal/delivery/http/slot.go:197.55,199.3 1 0
2025_2_404/internal/delivery/http/slot.go:201.2,202.16 2 0
2025_2_404/internal/delivery/http/slot.go:202.16,207.3 4 0
2025_2_404/internal/delivery/http/slot.go:209.2,210.78 2 0
2025_2_404/internal/delivery/http/slot.go:213.70,219.61 5 0
2025_2_404/internal/delivery/http/slot.go:219.61,223.3 3 0
2025_2_404/internal/delivery/http/slot.go:225.2,227.55 3 0
2025_2_404/internal/delivery/http/slot.go:227.55,229.3 1 0
2025_2_404/internal/delivery/http/slot.go:231.2,244.16 3 0
2025_2_404/internal/delivery/http/slot.go:244.16,249.3 4 0
2025_2_404/internal/delivery/http/slot.go:251.2,252.30 2 0
2025_2_404/internal/delivery/http/slot.go:255.70,262.55 6 0
2025_2_404/internal/delivery/http/slot.go:262.55,264.3 1 0
2025_2_404/internal/delivery/http/slot.go:266.2,267.16 2 0
2025_2_404/internal/delivery/http/slot.go:267.16,272.3 4 0
2025_2_404/internal/delivery/http/slot.go:274.2,275.37 2 0
2025_2_404/internal/delivery/http/slot.go:278.76,285.52 5 0
2025_2_404/internal/delivery/http/slot.go:285.52,288.3 2 0
2025_2_404/internal/delivery/http/slot.go:290.2,290.23 1 0
2025_2_404/internal/delivery/http/slot.go:290.23,292.3 1 0
2025_2_404/internal/delivery/http/slot.go:293.2,301.16 4 0
2025_2_404/internal/delivery/http/slot.go:301.16,305.3 3 0
2025_2_404/internal/delivery/http/slot.go:307.2,307.37 1 0
2025_2_404/internal/delivery/http/slot.go:310.74,316.55 6 0
2025_2_404/internal/delivery/http/slot.go:316.55,318.3 1 0
2025_2_404/internal/delivery/http/slot.go:320.2,321.16 2 0
2025_2_404/internal/delivery/http/slot.go:321.16,325.3 3 0
2025_2_404/internal/delivery/http/slot.go:327.2,329.37 2 0
2025_2_404/internal/delivery/http/slot.go:329.37,336.3 2 0
2025_2_404/internal/delivery/http/slot.go:338.2,346.78 3 0
2025_2_404/internal/service/ad/usecase/ad/ad.go:29.61,34.2 1 1
2025_2_404/internal/service/ad/usecase/ad/ad.go:36.108,38.2 1 1
2025_2_404/internal/service/ad/usecase/ad/ad.go:40.69,42.21 1 1
2025_2_404/internal/service/ad/usecase/ad/ad.go:42.21,44.3 1 1
2025_2_404/internal/service/ad/usecase/ad/ad.go:44.8,46.3 1 1
2025_2_404/internal/service/ad/usecase/ad/ad.go:48.2,56.49 2 1
2025_2_404/internal/service/ad/usecase/ad/ad.go:56.49,62.3 2 1
2025_2_404/internal/service/ad/usecase/ad/ad.go:64.2,69.12 2 1
2025_2_404/internal/service/ad/usecase/ad/ad.go:72.69,78.49 2 1
2025_2_404/internal/service/ad/usecase/ad/ad.go:78.49,81.3 2 0
2025_2_404/internal/service/ad/usecase/ad/ad.go:83.2,87.12 2 1
2025_2_404/internal/service/ad/usecase/ad/ad.go:90.93,96.61 2 1
2025_2_404/internal/service/ad/usecase/ad/ad.go:96.61,99.3 2 0
2025_2_404/internal/service/ad/usecase/ad/ad.go:101.2,105.12 2 1
2025_2_404/internal/service/ad/usecase/ad/ad.go:108.126,110.16 2 1
2025_2_404/internal/service/ad/usecase/ad/ad.go:110.16,113.3 1 0
2025_2_404/internal/service/ad/usecase/ad/ad.go:116.2,117.28 2 1
2025_2_404/internal/service/ad/usecase/ad/ad.go:117.28,120.3 1 1
2025_2_404/internal/service/ad/usecase/ad/ad.go:123.2,123.25 1 1
2025_2_404/internal/service/ad/usecase/ad/ad.go:123.25,125.3 1 1
2025_2_404/internal/service/ad/usecase/ad/ad.go:127.2,127.32 1 1
2025_2_404/internal/service/ad/usecase/ad/ad.go:130.122,133.31 3 1
2025_2_404/internal/service/ad/usecase/ad/ad.go:133.31,135.3 1 1
2025_2_404/internal/service/ad/usecase/ad/ad.go:135.8,135.33 1 1
2025_2_404/internal/service/ad/usecase/ad/ad.go:135.33,137.3 1 1
2025_2_404/internal/service/ad/usecase/ad/ad.go:139.2,139.64 1 1
2025_2_404/internal/service/ad/usecase/ad/ad.go:142.87,144.2 1 1
2025_2_404/internal/service/ad/usecase/ad/ad.go:146.89,148.2 1 1
2025_2_404/internal/service/auth/connections/config.go:14.47,16.16 2 0
2025_2_404/internal/service/auth/connections/config.go:16.16,18.3 1 0
2025_2_404/internal/service/auth/connections/config.go:19.2,21.8 1 0
2025_2_404/internal/service/auth/connections/config.go:24.29,26.2 1 0
2025_2_404/internal/service/auth/connections/postgres/postgres.go:14.64,22.16 3 0
2025_2_404/internal/service/auth/connections/postgres/postgres.go:22.16,24.3 1 0
2025_2_404/internal/service/auth/connections/postgres/postgres.go:25.2,26.52 2 0
2025_2_404/internal/service/auth/connections/postgres/postgres.go:26.52,28.14 2 0
2025_2_404/internal/service/auth/connections/postgres/postgres.go:28.14,30.4 1 0
2025_2_404/internal/service/auth/connections/postgres/postgres.go:31.3,31.30 1 0
2025_2_404/internal/service/auth/connections/postgres/postgres.go:33.2,33.16 1 0
2025_2_404/internal/service/auth/connections/postgres/postgres.go:36.32,38.2 1 0
2025_2_404/internal/service/auth/config/config.go:41.26,43.16 2 0
2025_2_404/internal/service/auth/config/config.go:43.16,45.3 1 0
2025_2_404/internal/service/auth/config/config.go:47.2,48.50 2 0
2025_2_404/internal/service/auth/config/config.go:48.50,50.3 1 0
2025_2_404/internal/service/auth/config/config.go:51.2,51.49 1 0
2025_2_404/internal/service/auth/config/config.go:51.49,53.3 1 0
2025_2_404/internal/service/auth/config/config.go:55.2,58.3 1 0
2025_2_404/internal/service/auth/config/config.go:61.42,69.2 1 0
2025_2_404/internal/service/auth/config/config.go:71.32,81.2 1 0
2025_2_404/internal/service/auth/config/config.go:83.46,85.16 2 0
2025_2_404/internal/service/auth/config/config.go:85.16,87.3 1 0
2025_2_404/internal/service/auth/config/config.go:89.2,90.18 2 0
2025_2_404/internal/service/auth/config/config.go:90.18,92.3 1 0
2025_2_404/internal/service/auth/config/config.go:94.2,95.16 2 0
2025_2_404/internal/service/auth/config/config.go:95.16,97.3 1 0
2025_2_404/internal/service/auth/config/config.go:99.2,101.12 2 0
2025_2_404/internal/service/auth/config/config.go:104.45,106.16 2 0
2025_2_404/internal/service/auth/config/config.go:106.16,108.3 1 0
2025_2_404/internal/service/auth/config/config.go:110.2,111.18 2 0
2025_2_404/internal/service/auth/config/config.go:111.18,113.3 1 0
2025_2_404/internal/service/auth/config/config.go:115.2,116.16 2 0
2025_2_404/internal/service/auth/config/config.go:116.16,118.3 1 0
2025_2_404/internal/service/auth/config/config.go:120.2,122.12 2 0
2025_2_404/internal/service/ad/usecase/budget/budget_usecase.go:21.69,26.2 1 0
2025_2_404/internal/service/ad/usecase/budget/budget_usecase.go:28.117,30.2 1 0
2025_2_404/internal/service/profile/service/balance.go:10.93,12.2 1 1
2025_2_404/internal/service/profile/service/balance.go:14.100,16.2 1 1
2025_2_404/internal/service/profile/service/balance.go:18.105,20.16 2 1
2025_2_404/internal/service/profile/service/balance.go:20.16,22.3 1 1
2025_2_404/internal/service/profile/service/balance.go:23.2,23.24 1 1
2025_2_404/internal/service/profile/service/balance.go:23.24,25.3 1 1
2025_2_404/internal/service/profile/service/balance.go:26.2,26.57 1 1
2025_2_404/internal/service/profile/service/payment.go:12.100,25.16 5 0
2025_2_404/internal/service/profile/service/payment.go:25.16,33.3 2 0
2025_2_404/internal/service/profile/service/payment.go:35.2,45.59 5 0
2025_2_404/internal/service/profile/service/payment.go:45.59,52.3 2 0
2025_2_404/internal/service/profile/service/payment.go:54.2,61.26 2 0
2025_2_404/internal/service/profile/service/payment.go:64.141,66.2 1 0
2025_2_404/internal/service/profile/service/payment.go:68.120,70.2 1 0
2025_2_404/internal/service/profile/service/profile.go:30.64,35.2 1 1
2025_2_404/internal/service/profile/service/profile.go:37.76,39.2 1 1
2025_2_404/internal/service/profile/service/profile.go:41.92,43.2 1 1
2025_2_404/internal/service/profile/service/profile.go:45.76,47.53 1 1
2025_2_404/internal/service/profile/service/profile.go:47.53,49.3 1 1
2025_2_404/internal/service/profile/service/profile.go:51.2,51.12 1 1
2025_2_404/internal/service/auth/service/JWTtoken.go:22.103,28.2 1 1
2025_2_404/internal/service/auth/service/JWTtoken.go:35.73,47.16 5 1
2025_2_404/internal/service/auth/service/JWTtoken.go:47.16,49.3 1 0
2025_2_404/internal/service/auth/service/JWTtoken.go:50.2,50.16 1 1
2025_2_404/internal/service/auth/service/JWTtoken.go:53.99,55.101 2 1
2025_2_404/internal/service/auth/service/JWTtoken.go:55.101,56.59 1 1
2025_2_404/internal/service/auth/service/JWTtoken.go:56.59,58.4 1 1
2025_2_404/internal/service/auth/service/JWTtoken.go:59.3,59.26 1 1
2025_2_404/internal/service/auth/service/JWTtoken.go:62.2,62.16 1 1
2025_2_404/internal/service/auth/service/JWTtoken.go:62.16,64.3 1 1
2025_2_404/internal/service/auth/service/JWTtoken.go:66.2,66.61 1 1
2025_2_404/internal/service/auth/service/JWTtoken.go:66.61,68.3 1 1
2025_2_404/internal/service/auth/service/JWTtoken.go:70.2,70.47 1 0
2025_2_404/internal/service/auth/service/user.go:33.85,39.2 1 0
2025_2_404/internal/service/auth/service/user.go:41.113,43.16 2 0
2025_2_404/internal/service/auth/service/user.go:43.16,46.3 2 0
2025_2_404/internal/service/auth/service/user.go:48.2,49.16 2 0
2025_2_404/internal/service/auth/service/user.go:49.16,52.3 2 0
2025_2_404/internal/service/auth/service/user.go:54.2,55.16 2 0
2025_2_404/internal/service/auth/service/user.go:55.16,58.3 2 0
2025_2_404/internal/service/auth/service/user.go:59.2,59.27 1 0
2025_2_404/internal/service/auth/service/user.go:62.92,64.16 2 0
2025_2_404/internal/service/auth/service/user.go:64.16,65.51 1 0
2025_2_404/internal/service/auth/service/user.go:65.51,67.4 1 0
2025_2_404/internal/service/auth/service/user.go:68.3,68.44 1 0
2025_2_404/internal/service/auth/service/user.go:71.2,71.101 1 0
2025_2_404/internal/service/auth/service/user.go:71.101,73.3 1 0
2025_2_404/internal/service/auth/service/user.go:75.2,75.21 1 0
2025_2_404/internal/service/auth/service/user.go:78.107,80.16 2 0
2025_2_404/internal/service/auth/service/user.go:80.16,83.3 2 0
2025_2_404/internal/service/auth/service/user.go:85.2,86.16 2 0
2025_2_404/internal/service/auth/service/user.go:86.16,89.3 2 0
2025_2_404/internal/service/auth/service/user.go:91.2,92.16 2 0
2025_2_404/internal/service/auth/service/user.go:92.16,95.3 2 0
2025_2_404/internal/service/auth/service/user.go:97.2,97.27 1 0
2025_2_404/internal/service/auth/domain/user.go:28.76,29.23 1 1
2025_2_404/internal/service/auth/domain/user.go:29.23,31.3 1 1
2025_2_404/internal/service/auth/domain/user.go:32.2,32.24 1 1
2025_2_404/internal/service/auth/domain/user.go:32.24,34.3 1 1
2025_2_404/internal/service/auth/domain/user.go:36.2,36.43 1 1
2025_2_404/internal/service/auth/domain/user.go:36.43,38.3 1 1
2025_2_404/internal/service/auth/domain/user.go:40.2,40.84 1 1
2025_2_404/internal/service/auth/domain/user.go:40.84,42.3 1 1
2025_2_404/internal/service/auth/domain/user.go:44.2,44.38 1 1
2025_2_404/internal/service/auth/domain/user.go:44.38,46.3 1 1
2025_2_404/internal/service/auth/domain/user.go:48.2,48.23 1 1
2025_2_404/internal/service/auth/domain/user.go:48.23,50.3 1 1
2025_2_404/internal/service/auth/domain/user.go:52.2,52.23 1 1
2025_2_404/internal/service/auth/domain/user.go:52.23,54.3 1 1
2025_2_404/internal/service/auth/domain/user.go:55.2,55.24 1 1
2025_2_404/internal/service/auth/domain/user.go:55.24,57.3 1 1
2025_2_404/internal/service/auth/domain/user.go:59.2,59.44 1 1
2025_2_404/internal/service/auth/domain/user.go:59.44,61.3 1 1
2025_2_404/internal/service/auth/domain/user.go:63.2,63.43 1 1
2025_2_404/internal/service/auth/domain/user.go:63.43,65.3 1 1
2025_2_404/internal/service/auth/domain/user.go:67.2,67.43 1 1
2025_2_404/internal/service/auth/domain/user.go:67.43,69.3 1 1
2025_2_404/internal/service/auth/domain/user.go:71.2,71.45 1 1
2025_2_404/internal/service/auth/domain/user.go:71.45,73.3 1 1
2025_2_404/internal/service/auth/domain/user.go:75.2,76.16 2 1
2025_2_404/internal/service/auth/domain/user.go:76.16,78.3 1 0
2025_2_404/internal/service/auth/domain/user.go:80.2,85.8 1 1
2025_2_404/internal/service/auth/domain/user.go:88.54,89.17 1 1
2025_2_404/internal/service/auth/domain/user.go:89.17,91.3 1 1
2025_2_404/internal/service/auth/domain/user.go:93.2,93.38 1 1
2025_2_404/internal/service/auth/domain/user.go:93.38,95.3 1 1
2025_2_404/internal/service/auth/domain/user.go:97.2,97.20 1 1
2025_2_404/internal/service/auth/domain/user.go:97.20,99.3 1 1
2025_2_404/internal/service/auth/domain/user.go:101.2,101.23 1 1
2025_2_404/internal/service/auth/domain/user.go:101.23,103.3 1 1
2025_2_404/internal/service/auth/domain/user.go:104.2,104.24 1 1
2025_2_404/internal/service/auth/domain/user.go:104.24,106.3 1 0
2025_2_404/internal/service/auth/domain/user.go:108.2,108.44 1 1
2025_2_404/internal/service/auth/domain/user.go:108.44,110.3 1 0
2025_2_404/internal/service/auth/domain/user.go:112.2,112.43 1 1
2025_2_404/internal/service/auth/domain/user.go:112.43,114.3 1 1
2025_2_404/internal/service/auth/domain/user.go:116.2,116.43 1 1
2025_2_404/internal/service/auth/domain/user.go:116.43,118.3 1 1
2025_2_404/internal/service/auth/domain/user.go:120.2,120.45 1 1
2025_2_404/internal/service/auth/domain/user.go:120.45,122.3 1 1
2025_2_404/internal/service/auth/domain/user.go:124.2,124.12 1 1
2025_2_404/internal/service/storage/config/config.go:33.26,35.16 2 0
2025_2_404/internal/service/storage/config/config.go:35.16,37.3 1 0
2025_2_404/internal/service/storage/config/config.go:39.2,44.3 2 0
2025_2_404/internal/service/storage/config/config.go:47.42,55.2 1 0
2025_2_404/internal/service/storage/config/config.go:57.32,65.2 1 0
2025_2_404/internal/service/profile/config/config.go:35.26,37.16 2 0
2025_2_404/internal/service/profile/config/config.go:37.16,39.3 1 0
2025_2_404/internal/service/profile/config/config.go:41.2,42.16 2 0
2025_2_404/internal/service/profile/config/config.go:42.16,44.3 1 0
2025_2_404/internal/service/profile/config/config.go:45.2,49.3 1 0
2025_2_404/internal/service/profile/config/config.go:52.42,60.2 1 0
2025_2_404/internal/service/profile/config/config.go:62.32,67.2 1 0
2025_2_404/internal/service/profile/config/config.go:69.40,74.2 1 0
2025_2_404/internal/service/slot/repository/postgres/metric/metric.go:47.27,49.2 1 0
2025_2_404/internal/service/slot/repository/postgres/metric/metric.go:51.82,53.16 2 0
2025_2_404/internal/service/slot/repository/postgres/metric/metric.go:53.16,55.29 2 0
2025_2_404/internal/service/slot/repository/postgres/metric/metric.go:55.29,56.22 1 0
2025_2_404/internal/service/slot/repository/postgres/metric/metric.go:57.17,58.51 1 0
2025_2_404/internal/service/slot/repository/postgres/metric/metric.go:59.17,60.51 1 0
2025_2_404/internal/service/slot/repository/postgres/metric/metric.go:63.3,63.45 1 0
2025_2_404/internal/service/slot/repository/postgres/metric/metric.go:66.2,68.16 3 0
2025_2_404/internal/service/slot/repository/postgres/metric/metric.go:68.16,69.36 1 0
2025_2_404/internal/service/slot/repository/postgres/metric/metric.go:69.36,71.4 1 0
2025_2_404/internal/service/slot/repository/postgres/metric/metric.go:72.3,72.45 1 0
2025_2_404/internal/service/slot/repository/postgres/metric/metric.go:75.2,75.20 1 0
2025_2_404/internal/service/slot/repository/postgres/metric/metric.go:78.101,80.16 2 0
2025_2_404/internal/service/slot/repository/postgres/metric/metric.go:80.16,82.29 2 0
2025_2_404/internal/service/slot/repository/postgres/metric/metric.go:82.29,84.29 1 0
2025_2_404/internal/service/slot/repository/postgres/metric/metric.go:84.29,86.5 1 0
2025_2_404/internal/service/slot/repository/postgres/metric/metric.go:88.3,88.39 1 0
2025_2_404/internal/service/slot/repository/postgres/metric/metric.go:90.2,90.15 1 0
2025_2_404/internal/service/slot/repository/postgres/metric/metric.go:90.15,92.3 1 0
2025_2_404/internal/service/slot/repository/postgres/metric/metric.go:94.2,95.18 2 0
2025_2_404/internal/service/slot/repository/postgres/metric/metric.go:95.18,97.76 2 0
2025_2_404/internal/service/slot/repository/postgres/metric/metric.go:97.76,99.4 1 0
2025_2_404/internal/service/slot/repository/postgres/metric/metric.go:100.3,100.31 1 0
2025_2_404/internal/service/slot/repository/postgres/metric/metric.go:103.2,103.34 1 0
2025_2_404/internal/service/slot/repository/postgres/metric/metric.go:103.34,105.3 1 0
2025_2_404/internal/service/slot/repository/postgres/metric/metric.go:107.2,107.21 1 0
2025_2_404/internal/service/slot/connections/postgres/postgres.go:14.64,22.16 3 0
2025_2_404/internal/service/slot/connections/postgres/postgres.go:22.16,24.3 1 0
2025_2_404/internal/service/slot/connections/postgres/postgres.go:25.2,26.52 2 0
2025_2_404/internal/service/slot/connections/postgres/postgres.go:26.52,28.14 2 0
2025_2_404/internal/service/slot/connections/postgres/postgres.go:28.14,30.4 1 0
2025_2_404/internal/service/slot/connections/postgres/postgres.go:31.3,31.30 1 0
2025_2_404/internal/service/slot/connections/postgres/postgres.go:33.2,33.16 1 0
2025_2_404/internal/service/slot/connections/postgres/postgres.go:36.32,38.2 1 0
2025_2_404/internal/service/slot/config/config.go:33.26,35.16 2 0
2025_2_404/internal/service/slot/config/config.go:35.16,36.35 1 0
2025_2_404/internal/service/slot/config/config.go:39.2,44.3 2 0
2025_2_404/internal/service/slot/config/config.go:47.42,55.2 1 0
2025_2_404/internal/service/slot/config/config.go:57.32,67.2 1 0
2025_2_404/internal/service/slot/usecase/slot/slot.go:21.40,23.2 1 0
2025_2_404/internal/service/slot/usecase/slot/slot.go:25.77,27.2 1 0
2025_2_404/internal/service/slot/usecase/slot/slot.go:29.79,31.2 1 0
2025_2_404/internal/service/slot/usecase/slot/slot.go:33.94,35.2 1 0
2025_2_404/internal/service/slot/usecase/slot/slot.go:37.66,39.2 1 0
2025_2_404/internal/service/slot/usecase/slot/slot.go:41.85,43.2 1 0
2025_2_404/pkg/jsonresponse.go:10.92,17.17 3 0
2025_2_404/pkg/jsonresponse.go:17.17,19.3 1 0
2025_2_404/internal/service/storage/usecase/filestorage/filestorage.go:17.39,23.2 3 0
2025_2_404/internal/service/storage/usecase/filestorage/filestorage.go:25.36,27.2 1 0
2025_2_404/internal/service/storage/usecase/filestorage/filestorage.go:29.89,30.21 1 0
2025_2_404/internal/service/storage/usecase/filestorage/filestorage.go:30.21,33.3 2 0
2025_2_404/internal/service/storage/usecase/filestorage/filestorage.go:35.2,35.73 1 0
2025_2_404/internal/service/storage/usecase/filestorage/filestorage.go:35.73,38.3 2 0
2025_2_404/internal/service/storage/usecase/filestorage/filestorage.go:40.2,44.54 4 0
2025_2_404/internal/service/storage/usecase/filestorage/filestorage.go:44.54,47.3 2 0
2025_2_404/internal/service/storage/usecase/filestorage/filestorage.go:49.2,50.16 2 0
2025_2_404/internal/service/storage/usecase/filestorage/filestorage.go:50.16,53.3 2 0
2025_2_404/internal/service/storage/usecase/filestorage/filestorage.go:54.2,54.15 1 0
2025_2_404/internal/service/storage/usecase/filestorage/filestorage.go:54.15,56.3 1 0
2025_2_404/internal/service/storage/usecase/filestorage/filestorage.go:58.2,58.48 1 0
2025_2_404/internal/service/storage/usecase/filestorage/filestorage.go:58.48,61.3 2 0
2025_2_404/internal/service/storage/usecase/filestorage/filestorage.go:63.2,64.12 2 0
2025_2_404/internal/service/storage/usecase/filestorage/filestorage.go:67.86,68.21 1 0
2025_2_404/internal/service/storage/usecase/filestorage/filestorage.go:68.21,71.3 2 0
2025_2_404/internal/service/storage/usecase/filestorage/filestorage.go:74.2,74.73 1 0
2025_2_404/internal/service/storage/usecase/filestorage/filestorage.go:74.73,77.3 2 0
2025_2_404/internal/service/storage/usecase/filestorage/filestorage.go:79.2,83.16 4 0
2025_2_404/internal/service/storage/usecase/filestorage/filestorage.go:83.16,84.25 1 0
2025_2_404/internal/service/storage/usecase/filestorage/filestorage.go:84.25,87.4 2 0
2025_2_404/internal/service/storage/usecase/filestorage/filestorage.go:88.3,89.43 2 0
2025_2_404/internal/service/storage/usecase/filestorage/filestorage.go:93.2,94.29 2 0
2025_2_404/internal/service/storage/usecase/filestorage/filestorage.go:94.29,96.3 1 0
2025_2_404/internal/service/storage/usecase/filestorage/filestorage.go:98.2,99.31 2 0
2025_2_404/internal/service/storage/usecase/filestorage/filestorage.go:102.71,103.21 1 0
2025_2_404/internal/service/storage/usecase/filestorage/filestorage.go:103.21,106.3 2 0
2025_2_404/internal/service/storage/usecase/filestorage/filestorage.go:109.2,109.73 1 0
2025_2_404/internal/service/storage/usecase/filestorage/filestorage.go:109.73,112.3 2 0
2025_2_404/internal/service/storage/usecase/filestorage/filestorage.go:114.2,117.53 3 0
2025_2_404/internal/service/storage/usecase/filestorage/filestorage.go:117.53,120.3 2 0
2025_2_404/internal/service/storage/usecase/filestorage/filestorage.go:122.2,122.44 1 0
2025_2_404/internal/service/storage/usecase/filestorage/filestorage.go:122.44,125.3 2 0
2025_2_404/internal/service/storage/usecase/filestorage/filestorage.go:127.2,128.12 2 0
2025_2_404/internal/service/profile/connections/postgres/postgres.go:14.64,22.16 3 0
2025_2_404/internal/service/profile/connections/postgres/postgres.go:22.16,24.3 1 0
2025_2_404/internal/service/profile/connections/postgres/postgres.go:25.2,26.52 2 0
2025_2_404/internal/service/profile/connections/postgres/postgres.go:26.52,28.14 2 0
2025_2_404/internal/service/profile/connections/postgres/postgres.go:28.14,30.4 1 0
2025_2_404/internal/service/profile/connections/postgres/postgres.go:31.3,31.30 1 0
2025_2_404/internal/service/profile/connections/postgres/postgres.go:33.2,33.16 1 0
2025_2_404/internal/service/profile/connections/postgres/postgres.go:36.32,38.2 1 0
2025_2_404/internal/service/auth/storage/postgres/user.go:27.47,32.2 1 0
2025_2_404/internal/service/auth/storage/postgres/user.go:34.86,40.16 2 0
2025_2_404/internal/service/auth/storage/postgres/user.go:40.16,42.3 1 0
2025_2_404/internal/service/auth/storage/postgres/user.go:43.2,44.28 2 0
2025_2_404/internal/service/auth/storage/postgres/user.go:44.28,45.21 1 0
2025_2_404/internal/service/auth/storage/postgres/user.go:46.16,47.60 1 0
2025_2_404/internal/service/auth/storage/postgres/user.go:49.16,51.70 1 0
2025_2_404/internal/service/auth/storage/postgres/user.go:51.70,53.5 1 0
2025_2_404/internal/service/auth/storage/postgres/user.go:54.4,54.55 1 0
2025_2_404/internal/service/auth/storage/postgres/user.go:56.16,57.55 1 0
2025_2_404/internal/service/auth/storage/postgres/user.go:59.11,60.51 1 0
2025_2_404/internal/service/auth/storage/postgres/user.go:68.2,68.57 1 0
2025_2_404/internal/service/auth/storage/postgres/user.go:71.85,74.16 3 0
2025_2_404/internal/service/auth/storage/postgres/user.go:74.16,75.36 1 0
2025_2_404/internal/service/auth/storage/postgres/user.go:75.36,77.4 1 0
2025_2_404/internal/service/auth/storage/postgres/user.go:78.3,78.52 1 0
2025_2_404/internal/service/auth/storage/postgres/user.go:80.2,80.18 1 0
2025_2_404/internal/service/profile/storage/postgres/balance.go:14.88,18.16 3 0
2025_2_404/internal/service/profile/storage/postgres/balance.go:18.16,20.3 1 0
2025_2_404/internal/service/profile/storage/postgres/balance.go:22.2,22.21 1 0
2025_2_404/internal/service/profile/storage/postgres/balance.go:25.95,27.16 2 0
2025_2_404/internal/service/profile/storage/postgres/balance.go:27.16,29.3 1 0
2025_2_404/internal/service/profile/storage/postgres/balance.go:31.2,32.16 2 0
2025_2_404/internal/service/profile/storage/postgres/balance.go:32.16,34.3 1 0
2025_2_404/internal/service/profile/storage/postgres/balance.go:36.2,36.12 1 0
2025_2_404/internal/service/profile/storage/postgres/balance.go:39.100,41.16 2 0
2025_2_404/internal/service/profile/storage/postgres/balance.go:41.16,43.3 1 0
2025_2_404/internal/service/profile/storage/postgres/balance.go:45.2,46.16 2 0
2025_2_404/internal/service/profile/storage/postgres/balance.go:46.16,48.3 1 0
2025_2_404/internal/service/profile/storage/postgres/balance.go:50.2,50.12 1 0
2025_2_404/internal/service/profile/storage/postgres/payment.go:35.85,53.16 3 0
2025_2_404/internal/service/profile/storage/postgres/payment.go:53.16,59.3 2 0
2025_2_404/internal/service/profile/storage/postgres/payment.go:61.2,65.12 2 0
2025_2_404/internal/service/profile/storage/postgres/payment.go:68.136,81.16 4 0
2025_2_404/internal/service/profile/storage/postgres/payment.go:81.16,88.3 2 0
2025_2_404/internal/service/profile/storage/postgres/payment.go:90.2,95.22 2 0
2025_2_404/internal/service/profile/storage/postgres/payment.go:98.115,102.16 3 0
2025_2_404/internal/service/profile/storage/postgres/payment.go:102.16,108.3 2 0
2025_2_404/internal/service/profile/storage/postgres/payment.go:109.2,109.15 1 0
2025_2_404/internal/service/profile/storage/postgres/payment.go:109.15,111.3 1 0
2025_2_404/internal/service/profile/storage/postgres/payment.go:113.2,114.18 2 0
2025_2_404/internal/service/profile/storage/postgres/payment.go:114.18,124.17 4 0
2025_2_404/internal/service/profile/storage/postgres/payment.go:124.17,130.4 2 0
2025_2_404/internal/service/profile/storage/postgres/payment.go:131.3,132.33 2 0
2025_2_404/internal/service/profile/storage/postgres/payment.go:135.2,135.34 1 0
2025_2_404/internal/service/profile/storage/postgres/payment.go:135.34,141.3 2 0
2025_2_404/internal/service/profile/storage/postgres/payment.go:143.2,147.22 2 0
2025_2_404/internal/service/profile/storage/postgres/user.go:20.27,24.2 1 0
2025_2_404/internal/service/profile/storage/postgres/user.go:26.71,31.27 4 0
2025_2_404/internal/service/profile/storage/postgres/user.go:31.27,35.3 3 0
2025_2_404/internal/service/profile/storage/postgres/user.go:37.2,37.24 1 0
2025_2_404/internal/service/profile/storage/postgres/user.go:37.24,41.3 3 0
2025_2_404/internal/service/profile/storage/postgres/user.go:43.2,43.28 1 0
2025_2_404/internal/service/profile/storage/postgres/user.go:43.28,47.3 3 0
2025_2_404/internal/service/profile/storage/postgres/user.go:49.2,49.32 1 0
2025_2_404/internal/service/profile/storage/postgres/user.go:49.32,53.3 3 0
2025_2_404/internal/service/profile/storage/postgres/user.go:55.2,55.31 1 0
2025_2_404/internal/service/profile/storage/postgres/user.go:55.31,59.3 3 0
2025_2_404/internal/service/profile/storage/postgres/user.go:61.2,61.26 1 0
2025_2_404/internal/service/profile/storage/postgres/user.go:61.26,65.3 3 0
2025_2_404/internal/service/profile/storage/postgres/user.go:67.2,67.24 1 0
2025_2_404/internal/service/profile/storage/postgres/user.go:67.24,71.3 3 0
2025_2_404/internal/service/profile/storage/postgres/user.go:73.2,75.23 2 0
2025_2_404/internal/service/profile/storage/postgres/user.go:75.23,77.3 1 0
2025_2_404/internal/service/profile/storage/postgres/user.go:79.2,85.16 5 0
2025_2_404/internal/service/profile/storage/postgres/user.go:85.16,87.3 1 0
2025_2_404/internal/service/profile/storage/postgres/user.go:89.2,90.16 2 0
2025_2_404/internal/service/profile/storage/postgres/user.go:90.16,92.3 1 0
2025_2_404/internal/service/profile/storage/postgres/user.go:93.2,93.23 1 0
2025_2_404/internal/service/profile/storage/postgres/user.go:93.23,95.3 1 0
2025_2_404/internal/service/profile/storage/postgres/user.go:97.2,97.12 1 0
2025_2_404/internal/service/profile/storage/postgres/user.go:100.87,105.16 5 0
2025_2_404/internal/service/profile/storage/postgres/user.go:105.16,106.27 1 0
2025_2_404/internal/service/profile/storage/postgres/user.go:106.27,108.4 1 0
2025_2_404/internal/service/profile/storage/postgres/user.go:109.3,109.70 1 0
2025_2_404/internal/service/profile/storage/postgres/user.go:112.2,120.20 8 0
2025_2_404/internal/service/profile/storage/postgres/user.go:123.71,125.16 2 0
2025_2_404/internal/service/profile/storage/postgres/user.go:125.16,127.3 1 0
2025_2_404/internal/service/profile/storage/postgres/user.go:129.2,130.16 2 0
2025_2_404/internal/service/profile/storage/postgres/user.go:130.16,132.3 1 0
2025_2_404/internal/service/profile/storage/postgres/user.go:133.2,133.23 1 0
2025_2_404/internal/service/profile/storage/postgres/user.go:133.23,135.3 1 0
2025_2_404/internal/service/profile/storage/postgres/user.go:136.2,137.12 2 0
2025_2_404/internal/service/slot/connections/config.go:14.47,16.16 2 0
2025_2_404/internal/service/slot/connections/config.go:16.16,18.3 1 0
2025_2_404/internal/service/slot/connections/config.go:19.2,21.8 1 0
2025_2_404/internal/service/slot/connections/config.go:24.29,26.2 1 0
2025_2_404/internal/service/slot/repository/postgres/slot/slot.go:52.27,54.2 1 0
2025_2_404/internal/service/slot/repository/postgres/slot/slot.go:56.72,58.16 2 0
2025_2_404/internal/service/slot/repository/postgres/slot/slot.go:58.16,60.3 1 0
2025_2_404/internal/service/slot/repository/postgres/slot/slot.go:62.2,75.16 3 0
2025_2_404/internal/service/slot/repository/postgres/slot/slot.go:75.16,77.29 2 0
2025_2_404/internal/service/slot/repository/postgres/slot/slot.go:77.29,78.22 1 0
2025_2_404/internal/service/slot/repository/postgres/slot/slot.go:79.17,80.44 1 0
2025_2_404/internal/service/slot/repository/postgres/slot/slot.go:81.17,82.44 1 0
2025_2_404/internal/service/slot/repository/postgres/slot/slot.go:83.17,84.40 1 0
2025_2_404/internal/service/slot/repository/postgres/slot/slot.go:87.3,87.38 1 0
2025_2_404/internal/service/slot/repository/postgres/slot/slot.go:90.2,90.37 1 0
2025_2_404/internal/service/slot/repository/postgres/slot/slot.go:93.74,95.16 2 0
2025_2_404/internal/service/slot/repository/postgres/slot/slot.go:95.16,97.3 1 0
2025_2_404/internal/service/slot/repository/postgres/slot/slot.go:99.2,112.16 5 0
2025_2_404/internal/service/slot/repository/postgres/slot/slot.go:112.16,113.36 1 0
2025_2_404/internal/service/slot/repository/postgres/slot/slot.go:113.36,115.4 1 0
2025_2_404/internal/service/slot/repository/postgres/slot/slot.go:116.3,116.47 1 0
2025_2_404/internal/service/slot/repository/postgres/slot/slot.go:119.2,121.15 3 0
2025_2_404/internal/service/slot/repository/postgres/slot/slot.go:124.89,126.16 2 0
2025_2_404/internal/service/slot/repository/postgres/slot/slot.go:126.16,128.3 1 0
2025_2_404/internal/service/slot/repository/postgres/slot/slot.go:130.2,131.16 2 0
2025_2_404/internal/service/slot/repository/postgres/slot/slot.go:131.16,133.3 1 0
2025_2_404/internal/service/slot/repository/postgres/slot/slot.go:134.2,134.15 1 0
2025_2_404/internal/service/slot/repository/postgres/slot/slot.go:134.15,136.3 1 0
2025_2_404/internal/service/slot/repository/postgres/slot/slot.go:138.2,139.18 2 0
2025_2_404/internal/service/slot/repository/postgres/slot/slot.go:139.18,151.17 3 0
2025_2_404/internal/service/slot/repository/postgres/slot/slot.go:151.17,153.4 1 0
2025_2_404/internal/service/slot/repository/postgres/slot/slot.go:154.3,156.27 3 0
2025_2_404/internal/service/slot/repository/postgres/slot/slot.go:159.2,159.34 1 0
2025_2_404/internal/service/slot/repository/postgres/slot/slot.go:159.34,161.3 1 0
2025_2_404/internal/service/slot/repository/postgres/slot/slot.go:163.2,163.19 1 0
2025_2_404/internal/service/slot/repository/postgres/slot/slot.go:166.61,168.16 2 0
2025_2_404/internal/service/slot/repository/postgres/slot/slot.go:168.16,170.3 1 0
2025_2_404/internal/service/slot/repository/postgres/slot/slot.go:172.2,173.16 2 0
2025_2_404/internal/service/slot/repository/postgres/slot/slot.go:173.16,175.3 1 0
2025_2_404/internal/service/slot/repository/postgres/slot/slot.go:177.2,189.16 2 0
2025_2_404/internal/service/slot/repository/postgres/slot/slot.go:189.16,191.29 2 0
2025_2_404/internal/service/slot/repository/postgres/slot/slot.go:191.29,192.22 1 0
2025_2_404/internal/service/slot/repository/postgres/slot/slot.go:193.17,194.40 1 0
2025_2_404/internal/service/slot/repository/postgres/slot/slot.go:197.3,197.34 1 0
2025_2_404/internal/service/slot/repository/postgres/slot/slot.go:200.2,201.16 2 0
2025_2_404/internal/service/slot/repository/postgres/slot/slot.go:201.16,203.3 1 0
2025_2_404/internal/service/slot/repository/postgres/slot/slot.go:204.2,204.23 1 0
2025_2_404/internal/service/slot/repository/postgres/slot/slot.go:204.23,206.3 1 0
2025_2_404/internal/service/slot/repository/postgres/slot/slot.go:208.2,208.12 1 0
2025_2_404/internal/service/slot/repository/postgres/slot/slot.go:211.80,213.16 2 0
2025_2_404/internal/service/slot/repository/postgres/slot/slot.go:213.16,215.3 1 0
2025_2_404/internal/service/slot/repository/postgres/slot/slot.go:217.2,218.16 2 0
2025_2_404/internal/service/slot/repository/postgres/slot/slot.go:218.16,220.3 1 0
2025_2_404/internal/service/slot/repository/postgres/slot/slot.go:222.2,223.16 2 0
2025_2_404/internal/service/slot/repository/postgres/slot/slot.go:223.16,225.3 1 0
2025_2_404/internal/service/slot/repository/postgres/slot/slot.go:227.2,228.16 2 0
2025_2_404/internal/service/slot/repository/postgres/slot/slot.go:228.16,230.3 1 0
2025_2_404/internal/service/slot/repository/postgres/slot/slot.go:231.2,231.23 1 0
2025_2_404/internal/service/slot/repository/postgres/slot/slot.go:231.23,233.3 1 0
2025_2_404/internal/service/slot/repository/postgres/slot/slot.go:235.2,235.12 1 0
2025_2_404/internal/service/slot/usecase/metric/metric.go:19.49,23.2 1 0
2025_2_404/internal/service/slot/usecase/metric/metric.go:25.98,27.2 1 0
2025_2_404/internal/service/slot/usecase/metric/metric.go:29.123,31.16 2 0
2025_2_404/internal/service/slot/usecase/metric/metric.go:31.16,33.3 1 0
2025_2_404/internal/service/slot/usecase/metric/metric.go:35.2,37.28 3 0
2025_2_404/internal/service/slot/usecase/metric/metric.go:37.28,40.3 2 0
2025_2_404/internal/service/slot/usecase/metric/metric.go:42.2,42.52 1 0
2025_2_404/internal/service/profile/external/http/yooKassa.go:22.44,27.2 1 0
2025_2_404/internal/service/profile/external/http/yooKassa.go:29.111,47.16 15 0
2025_2_404/internal/service/profile/external/http/yooKassa.go:47.16,49.3 1 0
2025_2_404/internal/service/profile/external/http/yooKassa.go:50.2,50.15 1 0
2025_2_404/internal/service/profile/external/http/yooKassa.go:50.15,52.3 1 0
2025_2_404/internal/service/profile/external/http/yooKassa.go:54.2,56.38 2 0
2025_2_404/internal/service/profile/external/http/yooKassa.go:56.38,59.3 2 0
2025_2_404/internal/service/profile/external/http/yooKassa.go:61.2,61.38 1 0
2025_2_404/internal/service/profile/external/http/yooKassa.go:61.38,64.3 2 0
2025_2_404/internal/service/profile/external/http/yooKassa.go:66.2,67.63 2 0
2025_2_404/internal/service/profile/external/http/yooKassa.go:67.63,69.3 1 0
2025_2_404/internal/service/profile/external/http/yooKassa.go:71.2,71.25 1 0
2025_2_404/internal/service/profile/connections/config.go:14.47,16.16 2 0
2025_2_404/internal/service/profile/connections/config.go:16.16,18.3 1 0
2025_2_404/internal/service/profile/connections/config.go:19.2,21.8 1 0
2025_2_404/internal/service/profile/connections/config.go:24.29,26.2 1 0
2025_2_404/pkg/ReadYooKassaIP/readIP.go:21.13,22.40 1 0
2025_2_404/pkg/ReadYooKassaIP/readIP.go:22.40,24.17 2 0
2025_2_404/pkg/ReadYooKassaIP/readIP.go:24.17,25.54 1 0
2025_2_404/pkg/ReadYooKassaIP/readIP.go:27.3,27.53 1 0
2025_2_404/pkg/ReadYooKassaIP/readIP.go:31.38,32.67 1 0
2025_2_404/pkg/ReadYooKassaIP/readIP.go:32.67,34.3 1 0
2025_2_404/pkg/ReadYooKassaIP/readIP.go:36.2,37.15 2 0
2025_2_404/pkg/ReadYooKassaIP/readIP.go:37.15,39.3 1 0
2025_2_404/pkg/ReadYooKassaIP/readIP.go:41.2,41.39 1 0
2025_2_404/pkg/ReadYooKassaIP/readIP.go:41.39,42.23 1 0
2025_2_404/pkg/ReadYooKassaIP/readIP.go:42.23,44.4 1 0
2025_2_404/pkg/ReadYooKassaIP/readIP.go:46.2,46.14 1 0
2025_2_404/pkg/convertImage/convert.go:10.70,13.24 3 1
2025_2_404/pkg/convertImage/convert.go:13.24,15.3 1 1
2025_2_404/pkg/convertImage/convert.go:16.2,16.68 1 1
2025_2_404/protos/gen/go/auth/auth.pb.go:33.35,38.2 4 0
2025_2_404/protos/gen/go/auth/auth.pb.go:40.43,42.2 1 0
2025_2_404/protos/gen/go/auth/auth.pb.go:44.41,44.42 0 0
2025_2_404/protos/gen/go/auth/auth.pb.go:46.63,48.14 2 0
2025_2_404/protos/gen/go/auth/auth.pb.go:48.14,50.34 2 0
2025_2_404/protos/gen/go/auth/auth.pb.go:50.34,52.4 1 0
2025_2_404/protos/gen/go/auth/auth.pb.go:53.3,53.12 1 0
2025_2_404/protos/gen/go/auth/auth.pb.go:55.2,55.24 1 0
2025_2_404/protos/gen/go/auth/auth.pb.go:59.54,61.2 1 0
2025_2_404/protos/gen/go/auth/auth.pb.go:63.48,64.14 1 0
2025_2_404/protos/gen/go/auth/auth.pb.go:64.14,66.3 1 0
2025_2_404/protos/gen/go/auth/auth.pb.go:67.2,67.11 1 0
2025_2_404/protos/gen/go/auth/auth.pb.go:70.45,71.14 1 0
2025_2_404/protos/gen/go/auth/auth.pb.go:71.14,73.3 1 0
2025_2_404/protos/gen/go/auth/auth.pb.go:74.2,74.11 1 0
2025_2_404/protos/gen/go/auth/auth.pb.go:77.48,78.14 1 0
2025_2_404/protos/gen/go/auth/auth.pb.go:78.14,80.3 1 0
2025_2_404/protos/gen/go/auth/auth.pb.go:81.2,81.11 1 0
2025_2_404/protos/gen/go/auth/auth.pb.go:92.36,97.2 4 0
2025_2_404/protos/gen/go/auth/auth.pb.go:99.44,101.2 1 0
2025_2_404/protos/gen/go/auth/auth.pb.go:103.42,103.43 0 0
2025_2_404/protos/gen/go/auth/auth.pb.go:105.64,107.14 2 0
2025_2_404/protos/gen/go/auth/auth.pb.go:107.14,109.34 2 0
2025_2_404/protos/gen/go/auth/auth.pb.go:109.34,111.4 1 0
2025_2_404/protos/gen/go/auth/auth.pb.go:112.3,112.12 1 0
2025_2_404/protos/gen/go/auth/auth.pb.go:114.2,114.24 1 0
2025_2_404/protos/gen/go/auth/auth.pb.go:118.55,120.2 1 0
[...]
2025_2_404/protos/gen/go/profile/profile.pb.go:898.51,899.14 1 0
2025_2_404/protos/gen/go/profile/profile.pb.go:899.14,901.3 1 0
2025_2_404/protos/gen/go/profile/profile.pb.go:902.2,902.11 1 0
2025_2_404/protos/gen/go/profile/profile.pb.go:905.57,906.14 1 0
2025_2_404/protos/gen/go/profile/profile.pb.go:906.14,908.3 1 0
2025_2_404/protos/gen/go/profile/profile.pb.go:909.2,909.11 1 0
2025_2_404/protos/gen/go/profile/profile.pb.go:919.41,924.2 4 0
2025_2_404/protos/gen/go/profile/profile.pb.go:926.49,928.2 1 0
2025_2_404/protos/gen/go/profile/profile.pb.go:930.47,930.48 0 0
2025_2_404/protos/gen/go/profile/profile.pb.go:932.69,934.14 2 0
2025_2_404/protos/gen/go/profile/profile.pb.go:934.14,936.34 2 0
2025_2_404/protos/gen/go/profile/profile.pb.go:936.34,938.4 1 0
2025_2_404/protos/gen/go/profile/profile.pb.go:939.3,939.12 1 0
2025_2_404/protos/gen/go/profile/profile.pb.go:941.2,941.24 1 0
2025_2_404/protos/gen/go/profile/profile.pb.go:945.60,947.2 1 0
2025_2_404/protos/gen/go/profile/profile.pb.go:949.56,950.14 1 0
2025_2_404/protos/gen/go/profile/profile.pb.go:950.14,952.3 1 0
2025_2_404/protos/gen/go/profile/profile.pb.go:953.2,953.11 1 0
2025_2_404/protos/gen/go/profile/profile.pb.go:965.40,970.2 4 0
2025_2_404/protos/gen/go/profile/profile.pb.go:972.48,974.2 1 0
2025_2_404/protos/gen/go/profile/profile.pb.go:976.46,976.47 0 0
2025_2_404/protos/gen/go/profile/profile.pb.go:978.68,980.14 2 0
2025_2_404/protos/gen/go/profile/profile.pb.go:980.14,982.34 2 0
2025_2_404/protos/gen/go/profile/profile.pb.go:982.34,984.4 1 0
2025_2_404/protos/gen/go/profile/profile.pb.go:985.3,985.12 1 0
2025_2_404/protos/gen/go/profile/profile.pb.go:987.2,987.24 1 0
2025_2_404/protos/gen/go/profile/profile.pb.go:991.59,993.2 1 0
2025_2_404/protos/gen/go/profile/profile.pb.go:995.55,996.14 1 0
2025_2_404/protos/gen/go/profile/profile.pb.go:996.14,998.3 1 0
2025_2_404/protos/gen/go/profile/profile.pb.go:999.2,999.11 1 0
2025_2_404/protos/gen/go/profile/profile.pb.go:1002.51,1003.14 1 0
2025_2_404/protos/gen/go/profile/profile.pb.go:1003.14,1005.3 1 0
2025_2_404/protos/gen/go/profile/profile.pb.go:1006.2,1006.11 1 0
2025_2_404/protos/gen/go/profile/profile.pb.go:1009.51,1010.14 1 0
2025_2_404/protos/gen/go/profile/profile.pb.go:1010.14,1012.3 1 0
2025_2_404/protos/gen/go/profile/profile.pb.go:1013.2,1013.11 1 0
2025_2_404/protos/gen/go/profile/profile.pb.go:1022.41,1027.2 4 0
2025_2_404/protos/gen/go/profile/profile.pb.go:1029.49,1031.2 1 0
2025_2_404/protos/gen/go/profile/profile.pb.go:1033.47,1033.48 0 0
2025_2_404/protos/gen/go/profile/profile.pb.go:1035.69,1037.14 2 0
2025_2_404/protos/gen/go/profile/profile.pb.go:1037.14,1039.34 2 0
2025_2_404/protos/gen/go/profile/profile.pb.go:1039.34,1041.4 1 0
2025_2_404/protos/gen/go/profile/profile.pb.go:1042.3,1042.12 1 0
2025_2_404/protos/gen/go/profile/profile.pb.go:1044.2,1044.24 1 0
2025_2_404/protos/gen/go/profile/profile.pb.go:1048.60,1050.2 1 0
2025_2_404/protos/gen/go/profile/profile.pb.go:1058.45,1063.2 4 0
2025_2_404/protos/gen/go/profile/profile.pb.go:1065.53,1067.2 1 0
2025_2_404/protos/gen/go/profile/profile.pb.go:1069.51,1069.52 0 0
2025_2_404/protos/gen/go/profile/profile.pb.go:1071.73,1073.14 2 0
2025_2_404/protos/gen/go/profile/profile.pb.go:1073.14,1075.34 2 0
2025_2_404/protos/gen/go/profile/profile.pb.go:1075.34,1077.4 1 0
2025_2_404/protos/gen/go/profile/profile.pb.go:1078.3,1078.12 1 0
2025_2_404/protos/gen/go/profile/profile.pb.go:1080.2,1080.24 1 0
2025_2_404/protos/gen/go/profile/profile.pb.go:1084.64,1086.2 1 0
2025_2_404/protos/gen/go/profile/profile.pb.go:1095.46,1100.2 4 0
2025_2_404/protos/gen/go/profile/profile.pb.go:1102.54,1104.2 1 0
2025_2_404/protos/gen/go/profile/profile.pb.go:1106.52,1106.53 0 0
2025_2_404/protos/gen/go/profile/profile.pb.go:1108.74,1110.14 2 0
2025_2_404/protos/gen/go/profile/profile.pb.go:1110.14,1112.34 2 0
2025_2_404/protos/gen/go/profile/profile.pb.go:1112.34,1114.4 1 0
2025_2_404/protos/gen/go/profile/profile.pb.go:1115.3,1115.12 1 0
2025_2_404/protos/gen/go/profile/profile.pb.go:1117.2,1117.24 1 0
2025_2_404/protos/gen/go/profile/profile.pb.go:1121.65,1123.2 1 0
2025_2_404/protos/gen/go/profile/profile.pb.go:1125.63,1126.14 1 0
2025_2_404/protos/gen/go/profile/profile.pb.go:1126.14,1128.3 1 0
2025_2_404/protos/gen/go/profile/profile.pb.go:1129.2,1129.12 1 0
2025_2_404/protos/gen/go/profile/profile.pb.go:1241.54,1242.51 1 0
2025_2_404/protos/gen/go/profile/profile.pb.go:1242.51,1244.3 1 0
2025_2_404/protos/gen/go/profile/profile.pb.go:1245.2,1245.47 1 0
2025_2_404/protos/gen/go/profile/profile.pb.go:1297.13,1297.50 1 0
2025_2_404/protos/gen/go/profile/profile.pb.go:1298.40,1299.39 1 0
2025_2_404/protos/gen/go/profile/profile.pb.go:1299.39,1301.3 1 0
2025_2_404/protos/gen/go/profile/profile.pb.go:1302.2,1318.42 5 0
2025_2_404/protos/gen/go/profile/profile_grpc.pb.go:52.66,54.2 1 0
2025_2_404/protos/gen/go/profile/profile_grpc.pb.go:56.122,60.16 4 0
2025_2_404/protos/gen/go/profile/profile_grpc.pb.go:60.16,62.3 1 0
2025_2_404/protos/gen/go/profile/profile_grpc.pb.go:63.2,63.17 1 0
2025_2_404/protos/gen/go/profile/profile_grpc.pb.go:66.122,70.16 4 0
2025_2_404/protos/gen/go/profile/profile_grpc.pb.go:70.16,72.3 1 0
2025_2_404/protos/gen/go/profile/profile_grpc.pb.go:73.2,73.17 1 0
2025_2_404/protos/gen/go/profile/profile_grpc.pb.go:76.116,80.16 4 0
2025_2_404/protos/gen/go/profile/profile_grpc.pb.go:80.16,82.3 1 0
2025_2_404/protos/gen/go/profile/profile_grpc.pb.go:83.2,83.17 1 0
2025_2_404/protos/gen/go/profile/profile_grpc.pb.go:86.137,90.16 4 0
2025_2_404/protos/gen/go/profile/profile_grpc.pb.go:90.16,92.3 1 0
2025_2_404/protos/gen/go/profile/profile_grpc.pb.go:93.2,93.17 1 0
2025_2_404/protos/gen/go/profile/profile_grpc.pb.go:96.134,100.16 4 0
2025_2_404/protos/gen/go/profile/profile_grpc.pb.go:100.16,102.3 1 0
2025_2_404/protos/gen/go/profile/profile_grpc.pb.go:103.2,103.17 1 0
2025_2_404/protos/gen/go/profile/profile_grpc.pb.go:106.149,110.16 4 0
2025_2_404/protos/gen/go/profile/profile_grpc.pb.go:110.16,112.3 1 0
2025_2_404/protos/gen/go/profile/profile_grpc.pb.go:113.2,113.17 1 0
2025_2_404/protos/gen/go/profile/profile_grpc.pb.go:116.143,120.16 4 0
2025_2_404/protos/gen/go/profile/profile_grpc.pb.go:120.16,122.3 1 0
2025_2_404/protos/gen/go/profile/profile_grpc.pb.go:123.2,123.17 1 0
2025_2_404/protos/gen/go/profile/profile_grpc.pb.go:126.149,130.16 4 0
2025_2_404/protos/gen/go/profile/profile_grpc.pb.go:130.16,132.3 1 0
2025_2_404/protos/gen/go/profile/profile_grpc.pb.go:133.2,133.17 1 0
2025_2_404/protos/gen/go/profile/profile_grpc.pb.go:136.161,140.16 4 0
2025_2_404/protos/gen/go/profile/profile_grpc.pb.go:140.16,142.3 1 0
2025_2_404/protos/gen/go/profile/profile_grpc.pb.go:143.2,143.17 1 0
2025_2_404/protos/gen/go/profile/profile_grpc.pb.go:169.100,171.2 1 0
2025_2_404/protos/gen/go/profile/profile_grpc.pb.go:172.100,174.2 1 0
2025_2_404/protos/gen/go/profile/profile_grpc.pb.go:175.94,177.2 1 0
2025_2_404/protos/gen/go/profile/profile_grpc.pb.go:178.115,180.2 1 0
2025_2_404/protos/gen/go/profile/profile_grpc.pb.go:181.112,183.2 1 0
2025_2_404/protos/gen/go/profile/profile_grpc.pb.go:184.127,186.2 1 0
2025_2_404/protos/gen/go/profile/profile_grpc.pb.go:187.121,189.2 1 0
2025_2_404/protos/gen/go/profile/profile_grpc.pb.go:190.127,192.2 1 0
2025_2_404/protos/gen/go/profile/profile_grpc.pb.go:193.139,195.2 1 0
2025_2_404/protos/gen/go/profile/profile_grpc.pb.go:196.74,196.75 0 0
2025_2_404/protos/gen/go/profile/profile_grpc.pb.go:197.74,197.75 0 0
2025_2_404/protos/gen/go/profile/profile_grpc.pb.go:206.72,211.59 1 0
2025_2_404/protos/gen/go/profile/profile_grpc.pb.go:211.59,213.3 1 0
2025_2_404/protos/gen/go/profile/profile_grpc.pb.go:214.2,214.46 1 0
2025_2_404/protos/gen/go/profile/profile_grpc.pb.go:217.159,219.32 2 0
2025_2_404/protos/gen/go/profile/profile_grpc.pb.go:219.32,221.3 1 0
2025_2_404/protos/gen/go/profile/profile_grpc.pb.go:222.2,222.24 1 0
2025_2_404/protos/gen/go/profile/profile_grpc.pb.go:222.24,224.3 1 0
2025_2_404/protos/gen/go/profile/profile_grpc.pb.go:225.2,229.77 2 0
2025_2_404/protos/gen/go/profile/profile_grpc.pb.go:229.77,231.3 1 0
2025_2_404/protos/gen/go/profile/profile_grpc.pb.go:232.2,232.44 1 0
2025_2_404/protos/gen/go/profile/profile_grpc.pb.go:235.159,237.32 2 0
2025_2_404/protos/gen/go/profile/profile_grpc.pb.go:237.32,239.3 1 0
2025_2_404/protos/gen/go/profile/profile_grpc.pb.go:240.2,240.24 1 0
2025_2_404/protos/gen/go/profile/profile_grpc.pb.go:240.24,242.3 1 0
2025_2_404/protos/gen/go/profile/profile_grpc.pb.go:243.2,247.77 2 0
2025_2_404/protos/gen/go/profile/profile_grpc.pb.go:247.77,249.3 1 0
2025_2_404/protos/gen/go/profile/profile_grpc.pb.go:250.2,250.44 1 0
2025_2_404/protos/gen/go/profile/profile_grpc.pb.go:253.157,255.32 2 0
2025_2_404/protos/gen/go/profile/profile_grpc.pb.go:255.32,257.3 1 0
2025_2_404/protos/gen/go/profile/profile_grpc.pb.go:258.2,258.24 1 0
2025_2_404/protos/gen/go/profile/profile_grpc.pb.go:258.24,260.3 1 0
2025_2_404/protos/gen/go/profile/profile_grpc.pb.go:261.2,265.77 2 0
2025_2_404/protos/gen/go/profile/profile_grpc.pb.go:265.77,267.3 1 0
2025_2_404/protos/gen/go/profile/profile_grpc.pb.go:268.2,268.44 1 0
2025_2_404/protos/gen/go/profile/profile_grpc.pb.go:271.164,273.32 2 0
2025_2_404/protos/gen/go/profile/profile_grpc.pb.go:273.32,275.3 1 0
2025_2_404/protos/gen/go/profile/profile_grpc.pb.go:276.2,276.24 1 0
2025_2_404/protos/gen/go/profile/profile_grpc.pb.go:276.24,278.3 1 0
2025_2_404/protos/gen/go/profile/profile_grpc.pb.go:279.2,283.77 2 0
2025_2_404/protos/gen/go/profile/profile_grpc.pb.go:283.77,285.3 1 0
2025_2_404/protos/gen/go/profile/profile_grpc.pb.go:286.2,286.44 1 0
2025_2_404/protos/gen/go/profile/profile_grpc.pb.go:289.163,291.32 2 0
2025_2_404/protos/gen/go/profile/profile_grpc.pb.go:291.32,293.3 1 0
2025_2_404/protos/gen/go/profile/profile_grpc.pb.go:294.2,294.24 1 0
2025_2_404/protos/gen/go/profile/profile_grpc.pb.go:294.24,296.3 1 0
2025_2_404/protos/gen/go/profile/profile_grpc.pb.go:297.2,301.77 2 0
2025_2_404/protos/gen/go/profile/profile_grpc.pb.go:301.77,303.3 1 0
2025_2_404/protos/gen/go/profile/profile_grpc.pb.go:304.2,304.44 1 0
2025_2_404/protos/gen/go/profile/profile_grpc.pb.go:307.168,309.32 2 0
2025_2_404/protos/gen/go/profile/profile_grpc.pb.go:309.32,311.3 1 0
2025_2_404/protos/gen/go/profile/profile_grpc.pb.go:312.2,312.24 1 0
2025_2_404/protos/gen/go/profile/profile_grpc.pb.go:312.24,314.3 1 0
2025_2_404/protos/gen/go/profile/profile_grpc.pb.go:315.2,319.77 2 0
2025_2_404/protos/gen/go/profile/profile_grpc.pb.go:319.77,321.3 1 0
2025_2_404/protos/gen/go/profile/profile_grpc.pb.go:322.2,322.44 1 0
2025_2_404/protos/gen/go/profile/profile_grpc.pb.go:325.166,327.32 2 0
2025_2_404/protos/gen/go/profile/profile_grpc.pb.go:327.32,329.3 1 0
2025_2_404/protos/gen/go/profile/profile_grpc.pb.go:330.2,330.24 1 0
2025_2_404/protos/gen/go/profile/profile_grpc.pb.go:330.24,332.3 1 0
2025_2_404/protos/gen/go/profile/profile_grpc.pb.go:333.2,337.77 2 0
2025_2_404/protos/gen/go/profile/profile_grpc.pb.go:337.77,339.3 1 0
2025_2_404/protos/gen/go/profile/profile_grpc.pb.go:340.2,340.44 1 0
2025_2_404/protos/gen/go/profile/profile_grpc.pb.go:343.172,345.32 2 0
2025_2_404/protos/gen/go/profile/profile_grpc.pb.go:345.32,347.3 1 0
2025_2_404/protos/gen/go/profile/profile_grpc.pb.go:348.2,348.24 1 0
2025_2_404/protos/gen/go/profile/profile_grpc.pb.go:348.24,350.3 1 0
2025_2_404/protos/gen/go/profile/profile_grpc.pb.go:351.2,355.77 2 0
2025_2_404/protos/gen/go/profile/profile_grpc.pb.go:355.77,357.3 1 0
2025_2_404/protos/gen/go/profile/profile_grpc.pb.go:358.2,358.44 1 0
2025_2_404/protos/gen/go/profile/profile_grpc.pb.go:361.174,363.32 2 0
2025_2_404/protos/gen/go/profile/profile_grpc.pb.go:363.32,365.3 1 0
2025_2_404/protos/gen/go/profile/profile_grpc.pb.go:366.2,366.24 1 0
2025_2_404/protos/gen/go/profile/profile_grpc.pb.go:366.24,368.3 1 0
2025_2_404/protos/gen/go/profile/profile_grpc.pb.go:369.2,373.77 2 0
2025_2_404/protos/gen/go/profile/profile_grpc.pb.go:373.77,375.3 1 0
2025_2_404/protos/gen/go/profile/profile_grpc.pb.go:376.2,376.44 1 0
2025_2_404/protos/gen/go/storage/storage.pb.go:32.33,37.2 4 0
2025_2_404/protos/gen/go/storage/storage.pb.go:39.41,41.2 1 0
2025_2_404/protos/gen/go/storage/storage.pb.go:43.39,43.40 0 0
2025_2_404/protos/gen/go/storage/storage.pb.go:45.61,47.14 2 0
2025_2_404/protos/gen/go/storage/storage.pb.go:47.14,49.34 2 0
2025_2_404/protos/gen/go/storage/storage.pb.go:49.34,51.4 1 0
2025_2_404/protos/gen/go/storage/storage.pb.go:52.3,52.12 1 0
2025_2_404/protos/gen/go/storage/storage.pb.go:54.2,54.24 1 0
2025_2_404/protos/gen/go/storage/storage.pb.go:58.52,60.2 1 0
2025_2_404/protos/gen/go/storage/storage.pb.go:62.47,63.14 1 0
2025_2_404/protos/gen/go/storage/storage.pb.go:63.14,65.3 1 0
2025_2_404/protos/gen/go/storage/storage.pb.go:66.2,66.12 1 0
2025_2_404/protos/gen/go/storage/storage.pb.go:69.47,70.14 1 0
2025_2_404/protos/gen/go/storage/storage.pb.go:70.14,72.3 1 0
2025_2_404/protos/gen/go/storage/storage.pb.go:73.2,73.11 1 0
2025_2_404/protos/gen/go/storage/storage.pb.go:82.34,87.2 4 0
2025_2_404/protos/gen/go/storage/storage.pb.go:89.42,91.2 1 0
2025_2_404/protos/gen/go/storage/storage.pb.go:93.40,93.41 0 0
2025_2_404/protos/gen/go/storage/storage.pb.go:95.62,97.14 2 0
2025_2_404/protos/gen/go/storage/storage.pb.go:97.14,99.34 2 0
2025_2_404/protos/gen/go/storage/storage.pb.go:99.34,101.4 1 0
2025_2_404/protos/gen/go/storage/storage.pb.go:102.3,102.12 1 0
2025_2_404/protos/gen/go/storage/storage.pb.go:104.2,104.24 1 0
2025_2_404/protos/gen/go/storage/storage.pb.go:108.53,110.2 1 0
2025_2_404/protos/gen/go/storage/storage.pb.go:119.33,124.2 4 0
2025_2_404/protos/gen/go/storage/storage.pb.go:126.41,128.2 1 0
2025_2_404/protos/gen/go/storage/storage.pb.go:130.39,130.40 0 0
2025_2_404/protos/gen/go/storage/storage.pb.go:132.61,134.14 2 0
2025_2_404/protos/gen/go/storage/storage.pb.go:134.14,136.34 2 0
2025_2_404/protos/gen/go/storage/storage.pb.go:136.34,138.4 1 0
2025_2_404/protos/gen/go/storage/storage.pb.go:139.3,139.12 1 0
2025_2_404/protos/gen/go/storage/storage.pb.go:141.2,141.24 1 0
2025_2_404/protos/gen/go/storage/storage.pb.go:145.52,147.2 1 0
2025_2_404/protos/gen/go/storage/storage.pb.go:149.47,150.14 1 0
2025_2_404/protos/gen/go/storage/storage.pb.go:150.14,152.3 1 0
2025_2_404/protos/gen/go/storage/storage.pb.go:153.2,153.11 1 0
2025_2_404/protos/gen/go/storage/storage.pb.go:163.34,168.2 4 0
2025_2_404/protos/gen/go/storage/storage.pb.go:170.42,172.2 1 0
2025_2_404/protos/gen/go/storage/storage.pb.go:174.40,174.41 0 0
2025_2_404/protos/gen/go/storage/storage.pb.go:176.62,178.14 2 0
2025_2_404/protos/gen/go/storage/storage.pb.go:178.14,180.34 2 0
2025_2_404/protos/gen/go/storage/storage.pb.go:180.34,182.4 1 0
2025_2_404/protos/gen/go/storage/storage.pb.go:183.3,183.12 1 0
2025_2_404/protos/gen/go/storage/storage.pb.go:185.2,185.24 1 0
2025_2_404/protos/gen/go/storage/storage.pb.go:189.53,191.2 1 0
2025_2_404/protos/gen/go/storage/storage.pb.go:193.44,194.14 1 0
2025_2_404/protos/gen/go/storage/storage.pb.go:194.14,196.3 1 0
2025_2_404/protos/gen/go/storage/storage.pb.go:197.2,197.14 1 0
2025_2_404/protos/gen/go/storage/storage.pb.go:207.30,212.2 4 0
2025_2_404/protos/gen/go/storage/storage.pb.go:214.38,216.2 1 0
2025_2_404/protos/gen/go/storage/storage.pb.go:218.36,218.37 0 0
2025_2_404/protos/gen/go/storage/storage.pb.go:220.58,222.14 2 0
2025_2_404/protos/gen/go/storage/storage.pb.go:222.14,224.34 2 0
2025_2_404/protos/gen/go/storage/storage.pb.go:224.34,226.4 1 0
2025_2_404/protos/gen/go/storage/storage.pb.go:227.3,227.12 1 0
2025_2_404/protos/gen/go/storage/storage.pb.go:229.2,229.24 1 0
2025_2_404/protos/gen/go/storage/storage.pb.go:233.49,235.2 1 0
2025_2_404/protos/gen/go/storage/storage.pb.go:237.44,238.14 1 0
2025_2_404/protos/gen/go/storage/storage.pb.go:238.14,240.3 1 0
2025_2_404/protos/gen/go/storage/storage.pb.go:241.2,241.11 1 0
2025_2_404/protos/gen/go/storage/storage.pb.go:252.31,257.2 4 0
2025_2_404/protos/gen/go/storage/storage.pb.go:259.39,261.2 1 0
2025_2_404/protos/gen/go/storage/storage.pb.go:263.37,263.38 0 0
2025_2_404/protos/gen/go/storage/storage.pb.go:265.59,267.14 2 0
2025_2_404/protos/gen/go/storage/storage.pb.go:267.14,269.34 2 0
2025_2_404/protos/gen/go/storage/storage.pb.go:269.34,271.4 1 0
2025_2_404/protos/gen/go/storage/storage.pb.go:272.3,272.12 1 0
2025_2_404/protos/gen/go/storage/storage.pb.go:274.2,274.24 1 0
2025_2_404/protos/gen/go/storage/storage.pb.go:278.50,280.2 1 0
2025_2_404/protos/gen/go/storage/storage.pb.go:282.45,283.14 1 0
2025_2_404/protos/gen/go/storage/storage.pb.go:283.14,285.3 1 0
2025_2_404/protos/gen/go/storage/storage.pb.go:286.2,286.12 1 0
2025_2_404/protos/gen/go/storage/storage.pb.go:289.47,290.14 1 0
2025_2_404/protos/gen/go/storage/storage.pb.go:290.14,292.3 1 0
2025_2_404/protos/gen/go/storage/storage.pb.go:293.2,293.11 1 0
2025_2_404/protos/gen/go/storage/storage.pb.go:330.54,331.51 1 0
2025_2_404/protos/gen/go/storage/storage.pb.go:331.51,333.3 1 0
2025_2_404/protos/gen/go/storage/storage.pb.go:334.2,334.47 1 0
2025_2_404/protos/gen/go/storage/storage.pb.go:360.13,360.50 1 0
2025_2_404/protos/gen/go/storage/storage.pb.go:361.40,362.39 1 0
2025_2_404/protos/gen/go/storage/storage.pb.go:362.39,364.3 1 0
2025_2_404/protos/gen/go/storage/storage.pb.go:365.2,381.42 5 0
2025_2_404/protos/gen/go/storage/storage_grpc.pb.go:40.66,42.2 1 0
2025_2_404/protos/gen/go/storage/storage_grpc.pb.go:44.122,48.16 4 0
2025_2_404/protos/gen/go/storage/storage_grpc.pb.go:48.16,50.3 1 0
2025_2_404/protos/gen/go/storage/storage_grpc.pb.go:51.2,51.17 1 0
2025_2_404/protos/gen/go/storage/storage_grpc.pb.go:54.122,58.16 4 0
2025_2_404/protos/gen/go/storage/storage_grpc.pb.go:58.16,60.3 1 0
2025_2_404/protos/gen/go/storage/storage_grpc.pb.go:61.2,61.17 1 0
2025_2_404/protos/gen/go/storage/storage_grpc.pb.go:64.113,68.16 4 0
2025_2_404/protos/gen/go/storage/storage_grpc.pb.go:68.16,70.3 1 0
2025_2_404/protos/gen/go/storage/storage_grpc.pb.go:71.2,71.17 1 0
2025_2_404/protos/gen/go/storage/storage_grpc.pb.go:91.100,93.2 1 0
2025_2_404/protos/gen/go/storage/storage_grpc.pb.go:94.100,96.2 1 0
2025_2_404/protos/gen/go/storage/storage_grpc.pb.go:97.91,99.2 1 0
2025_2_404/protos/gen/go/storage/storage_grpc.pb.go:100.74,100.75 0 0
2025_2_404/protos/gen/go/storage/storage_grpc.pb.go:101.74,101.75 0 0
2025_2_404/protos/gen/go/storage/storage_grpc.pb.go:110.72,115.59 1 0
2025_2_404/protos/gen/go/storage/storage_grpc.pb.go:115.59,117.3 1 0
2025_2_404/protos/gen/go/storage/storage_grpc.pb.go:118.2,118.46 1 0
2025_2_404/protos/gen/go/storage/storage_grpc.pb.go:121.159,123.32 2 0
2025_2_404/protos/gen/go/storage/storage_grpc.pb.go:123.32,125.3 1 0
2025_2_404/protos/gen/go/storage/storage_grpc.pb.go:126.2,126.24 1 0
2025_2_404/protos/gen/go/storage/storage_grpc.pb.go:126.24,128.3 1 0
2025_2_404/protos/gen/go/storage/storage_grpc.pb.go:129.2,133.77 2 0
2025_2_404/protos/gen/go/storage/storage_grpc.pb.go:133.77,135.3 1 0
2025_2_404/protos/gen/go/storage/storage_grpc.pb.go:136.2,136.44 1 0
2025_2_404/protos/gen/go/storage/storage_grpc.pb.go:139.159,141.32 2 0
2025_2_404/protos/gen/go/storage/storage_grpc.pb.go:141.32,143.3 1 0
2025_2_404/protos/gen/go/storage/storage_grpc.pb.go:144.2,144.24 1 0
2025_2_404/protos/gen/go/storage/storage_grpc.pb.go:144.24,146.3 1 0
2025_2_404/protos/gen/go/storage/storage_grpc.pb.go:147.2,151.77 2 0
2025_2_404/protos/gen/go/storage/storage_grpc.pb.go:151.77,153.3 1 0
2025_2_404/protos/gen/go/storage/storage_grpc.pb.go:154.2,154.44 1 0
2025_2_404/protos/gen/go/storage/storage_grpc.pb.go:157.156,159.32 2 0
2025_2_404/protos/gen/go/storage/storage_grpc.pb.go:159.32,161.3 1 0
2025_2_404/protos/gen/go/storage/storage_grpc.pb.go:162.2,162.24 1 0
2025_2_404/protos/gen/go/storage/storage_grpc.pb.go:162.24,164.3 1 0
2025_2_404/protos/gen/go/storage/storage_grpc.pb.go:165.2,169.77 2 0
2025_2_404/protos/gen/go/storage/storage_grpc.pb.go:169.77,171.3 1 0
2025_2_404/protos/gen/go/storage/storage_grpc.pb.go:172.2,172.44 1 0
